Build started 02.02.2014 15:09:06.
     1>Project "B:\Lisa\A-71\ИТ, Технология программирования\C++\code C++\OpenGL\prototype\Lab 1 - Algorithms analysis graph\Lab 1 - Algorithms analysis graph.vcxproj" on node 2 (Build target(s)).
     1>ClCompile:
         B:\Program Files\Microsoft Visual Studio 11.0\VC\bin\CL.exe /c /ZI /nologo /W3 /WX- /sdl /Od /Oy- /D WIN32 /D _DEBUG /D _CONSOLE /D _UNICODE /D UNICODE /Gm /EHsc /RTC1 /MDd /GS /fp:precise /Zc:wchar_t /Zc:forScope /Yu"stdafx.h" /Fp"Debug\Lab 1 - Algorithms analysis graph.pch" /Fo"Debug\\" /Fd"Debug\vc110.pdb" /Gd /TP /analyze- /errorReport:prompt Graph.cpp Sorting.cpp
         Sorting.cpp
     1>b:\lisa\a-71\ит, технология программирования\c++\code c++\opengl\prototype\lab 1 - algorithms analysis graph\api.h(34): warning C4244: 'initializing' : conversion from 'double' to 'const float', possible loss of data
     1>b:\lisa\a-71\ит, технология программирования\c++\code c++\opengl\prototype\lab 1 - algorithms analysis graph\sorting.h(15): error C2065: 'vector' : undeclared identifier
     1>b:\lisa\a-71\ит, технология программирования\c++\code c++\opengl\prototype\lab 1 - algorithms analysis graph\sorting.h(15): error C2062: type 'int' unexpected
     1>b:\lisa\a-71\ит, технология программирования\c++\code c++\opengl\prototype\lab 1 - algorithms analysis graph\sorting.h(18): error C2065: 'vector' : undeclared identifier
     1>b:\lisa\a-71\ит, технология программирования\c++\code c++\opengl\prototype\lab 1 - algorithms analysis graph\sorting.h(18): error C2062: type 'int' unexpected
     1>b:\lisa\a-71\ит, технология программирования\c++\code c++\opengl\prototype\lab 1 - algorithms analysis graph\sorting.cpp(9): error C2065: 'vector' : undeclared identifier
     1>b:\lisa\a-71\ит, технология программирования\c++\code c++\opengl\prototype\lab 1 - algorithms analysis graph\sorting.cpp(9): error C2062: type 'int' unexpected
     1>b:\lisa\a-71\ит, технология программирования\c++\code c++\opengl\prototype\lab 1 - algorithms analysis graph\sorting.cpp(10): error C2065: 'nmbrs' : undeclared identifier
     1>b:\lisa\a-71\ит, технология программирования\c++\code c++\opengl\prototype\lab 1 - algorithms analysis graph\sorting.cpp(10): error C2228: left of '.size' must have class/struct/union
                 type is ''unknown-type''
     1>b:\lisa\a-71\ит, технология программирования\c++\code c++\opengl\prototype\lab 1 - algorithms analysis graph\sorting.cpp(56): error C2065: 'nmbrs' : undeclared identifier
     1>b:\lisa\a-71\ит, технология программирования\c++\code c++\opengl\prototype\lab 1 - algorithms analysis graph\sorting.cpp(63): error C2065: 'nmbrs' : undeclared identifier
     1>b:\lisa\a-71\ит, технология программирования\c++\code c++\opengl\prototype\lab 1 - algorithms analysis graph\sorting.cpp(71): error C2065: 'nmbrs' : undeclared identifier
     1>b:\lisa\a-71\ит, технология программирования\c++\code c++\opengl\prototype\lab 1 - algorithms analysis graph\sorting.cpp(75): error C2065: 'nmbrs' : undeclared identifier
     1>b:\lisa\a-71\ит, технология программирования\c++\code c++\opengl\prototype\lab 1 - algorithms analysis graph\sorting.cpp(88): error C2065: 'show_details' : undeclared identifier
     1>b:\lisa\a-71\ит, технология программирования\c++\code c++\opengl\prototype\lab 1 - algorithms analysis graph\sorting.cpp(88): error C2065: 'nmbrs' : undeclared identifier
     1>b:\lisa\a-71\ит, технология программирования\c++\code c++\opengl\prototype\lab 1 - algorithms analysis graph\sorting.cpp(88): error C3861: 'showSorting': identifier not found
     1>b:\lisa\a-71\ит, технология программирования\c++\code c++\opengl\prototype\lab 1 - algorithms analysis graph\sorting.cpp(94): error C2065: 'vector' : undeclared identifier
     1>b:\lisa\a-71\ит, технология программирования\c++\code c++\opengl\prototype\lab 1 - algorithms analysis graph\sorting.cpp(94): error C2062: type 'int' unexpected
     1>b:\lisa\a-71\ит, технология программирования\c++\code c++\opengl\prototype\lab 1 - algorithms analysis graph\sorting.cpp(95): error C2065: 'nmbrs' : undeclared identifier
     1>b:\lisa\a-71\ит, технология программирования\c++\code c++\opengl\prototype\lab 1 - algorithms analysis graph\sorting.cpp(95): error C2228: left of '.size' must have class/struct/union
                 type is ''unknown-type''
     1>b:\lisa\a-71\ит, технология программирования\c++\code c++\opengl\prototype\lab 1 - algorithms analysis graph\sorting.cpp(106): error C2065: 'nmbrs' : undeclared identifier
     1>b:\lisa\a-71\ит, технология программирования\c++\code c++\opengl\prototype\lab 1 - algorithms analysis graph\sorting.cpp(111): error C2065: 'nmbrs' : undeclared identifier
     1>b:\lisa\a-71\ит, технология программирования\c++\code c++\opengl\prototype\lab 1 - algorithms analysis graph\sorting.cpp(111): fatal error C1903: unable to recover from previous error(s); stopping compilation
         Graph.cpp
     1>b:\lisa\a-71\ит, технология программирования\c++\code c++\opengl\prototype\lab 1 - algorithms analysis graph\sorting.h(15): error C2065: 'vector' : undeclared identifier
     1>b:\lisa\a-71\ит, технология программирования\c++\code c++\opengl\prototype\lab 1 - algorithms analysis graph\sorting.h(15): error C2062: type 'int' unexpected
     1>b:\lisa\a-71\ит, технология программирования\c++\code c++\opengl\prototype\lab 1 - algorithms analysis graph\sorting.h(18): error C2065: 'vector' : undeclared identifier
     1>b:\lisa\a-71\ит, технология программирования\c++\code c++\opengl\prototype\lab 1 - algorithms analysis graph\sorting.h(18): error C2062: type 'int' unexpected
         Generating Code...
     1>Done Building Project "B:\Lisa\A-71\ИТ, Технология программирования\C++\code C++\OpenGL\prototype\Lab 1 - Algorithms analysis graph\Lab 1 - Algorithms analysis graph.vcxproj" (Build target(s)) -- FAILED.

Build FAILED.

Time Elapsed 00:00:01.86
