B:\LISA\A-71\ИТ, Технология программирования\C++\CODE C++\OPENGL\PROTOTYPE\LAB 1 - ALGORITHMS ANALYSIS GRAPH\DEBUG\LAB 1 - ALGORITHMS ANALYSIS GRAPH.PCH
B:\LISA\A-71\ИТ, Технология программирования\C++\CODE C++\OPENGL\PROTOTYPE\LAB 1 - ALGORITHMS ANALYSIS GRAPH\DEBUG\STDAFX.OBJ
B:\LISA\A-71\ИТ, ТЕХНОЛОГИЯ ПРОГРАММИРОВАНИЯ\C++\CODE C++\OPENGL\PROTOTYPE\LAB 1 - ALGORITHMS ANALYSIS GRAPH\DEBUG\VC110.PDB
B:\LISA\A-71\ИТ, Технология программирования\C++\CODE C++\OPENGL\PROTOTYPE\LAB 1 - ALGORITHMS ANALYSIS GRAPH\DEBUG\GRAPH.OBJ
B:\LISA\A-71\ИТ, Технология программирования\C++\CODE C++\OPENGL\PROTOTYPE\DEBUG\LAB 1 - ALGORITHMS ANALYSIS GRAPH.ILK
B:\LISA\A-71\ИТ, Технология программирования\C++\CODE C++\OPENGL\PROTOTYPE\DEBUG\LAB 1 - ALGORITHMS ANALYSIS GRAPH.EXE
B:\LISA\A-71\ИТ, ТЕХНОЛОГИЯ ПРОГРАММИРОВАНИЯ\C++\CODE C++\OPENGL\PROTOTYPE\DEBUG\LAB 1 - ALGORITHMS ANALYSIS GRAPH.PDB
B:\Lisa\A-71\ИТ, Технология программирования\C++\code C++\OpenGL\prototype\Lab 1 - Algorithms analysis graph\Debug\Graph.obj
B:\Lisa\A-71\ИТ, Технология программирования\C++\code C++\OpenGL\prototype\Lab 1 - Algorithms analysis graph\Debug\stdafx.obj
B:\Lisa\A-71\ИТ, Технология программирования\C++\code C++\OpenGL\prototype\Lab 1 - Algorithms analysis graph\Debug\cl.command.1.tlog
B:\Lisa\A-71\ИТ, Технология программирования\C++\code C++\OpenGL\prototype\Lab 1 - Algorithms analysis graph\Debug\CL.read.1.tlog
B:\Lisa\A-71\ИТ, Технология программирования\C++\code C++\OpenGL\prototype\Lab 1 - Algorithms analysis graph\Debug\CL.write.1.tlog
B:\Lisa\A-71\ИТ, Технология программирования\C++\code C++\OpenGL\prototype\Lab 1 - Algorithms analysis graph\Debug\link-cvtres.read.1.tlog
B:\Lisa\A-71\ИТ, Технология программирования\C++\code C++\OpenGL\prototype\Lab 1 - Algorithms analysis graph\Debug\link-cvtres.write.1.tlog
B:\Lisa\A-71\ИТ, Технология программирования\C++\code C++\OpenGL\prototype\Lab 1 - Algorithms analysis graph\Debug\link-rc.read.1.tlog
B:\Lisa\A-71\ИТ, Технология программирования\C++\code C++\OpenGL\prototype\Lab 1 - Algorithms analysis graph\Debug\link-rc.write.1.tlog
B:\Lisa\A-71\ИТ, Технология программирования\C++\code C++\OpenGL\prototype\Lab 1 - Algorithms analysis graph\Debug\link.10124-cvtres.read.1.tlog
B:\Lisa\A-71\ИТ, Технология программирования\C++\code C++\OpenGL\prototype\Lab 1 - Algorithms analysis graph\Debug\link.10124-cvtres.write.1.tlog
B:\Lisa\A-71\ИТ, Технология программирования\C++\code C++\OpenGL\prototype\Lab 1 - Algorithms analysis graph\Debug\link.10124-rc.read.1.tlog
B:\Lisa\A-71\ИТ, Технология программирования\C++\code C++\OpenGL\prototype\Lab 1 - Algorithms analysis graph\Debug\link.10124-rc.write.1.tlog
B:\Lisa\A-71\ИТ, Технология программирования\C++\code C++\OpenGL\prototype\Lab 1 - Algorithms analysis graph\Debug\link.10124.read.1.tlog
B:\Lisa\A-71\ИТ, Технология программирования\C++\code C++\OpenGL\prototype\Lab 1 - Algorithms analysis graph\Debug\link.10124.write.1.tlog
B:\Lisa\A-71\ИТ, Технология программирования\C++\code C++\OpenGL\prototype\Lab 1 - Algorithms analysis graph\Debug\link.10236-cvtres.read.1.tlog
B:\Lisa\A-71\ИТ, Технология программирования\C++\code C++\OpenGL\prototype\Lab 1 - Algorithms analysis graph\Debug\link.10236-cvtres.write.1.tlog
B:\Lisa\A-71\ИТ, Технология программирования\C++\code C++\OpenGL\prototype\Lab 1 - Algorithms analysis graph\Debug\link.10236-rc.read.1.tlog
B:\Lisa\A-71\ИТ, Технология программирования\C++\code C++\OpenGL\prototype\Lab 1 - Algorithms analysis graph\Debug\link.10236-rc.write.1.tlog
B:\Lisa\A-71\ИТ, Технология программирования\C++\code C++\OpenGL\prototype\Lab 1 - Algorithms analysis graph\Debug\link.10236.read.1.tlog
B:\Lisa\A-71\ИТ, Технология программирования\C++\code C++\OpenGL\prototype\Lab 1 - Algorithms analysis graph\Debug\link.10236.write.1.tlog
B:\Lisa\A-71\ИТ, Технология программирования\C++\code C++\OpenGL\prototype\Lab 1 - Algorithms analysis graph\Debug\link.10288-cvtres.read.1.tlog
B:\Lisa\A-71\ИТ, Технология программирования\C++\code C++\OpenGL\prototype\Lab 1 - Algorithms analysis graph\Debug\link.10288-cvtres.write.1.tlog
B:\Lisa\A-71\ИТ, Технология программирования\C++\code C++\OpenGL\prototype\Lab 1 - Algorithms analysis graph\Debug\link.10288-rc.read.1.tlog
B:\Lisa\A-71\ИТ, Технология программирования\C++\code C++\OpenGL\prototype\Lab 1 - Algorithms analysis graph\Debug\link.10288-rc.write.1.tlog
B:\Lisa\A-71\ИТ, Технология программирования\C++\code C++\OpenGL\prototype\Lab 1 - Algorithms analysis graph\Debug\link.10288.read.1.tlog
B:\Lisa\A-71\ИТ, Технология программирования\C++\code C++\OpenGL\prototype\Lab 1 - Algorithms analysis graph\Debug\link.10288.write.1.tlog
B:\Lisa\A-71\ИТ, Технология программирования\C++\code C++\OpenGL\prototype\Lab 1 - Algorithms analysis graph\Debug\link.10352-cvtres.read.1.tlog
B:\Lisa\A-71\ИТ, Технология программирования\C++\code C++\OpenGL\prototype\Lab 1 - Algorithms analysis graph\Debug\link.10352-cvtres.write.1.tlog
B:\Lisa\A-71\ИТ, Технология программирования\C++\code C++\OpenGL\prototype\Lab 1 - Algorithms analysis graph\Debug\link.10352-rc.read.1.tlog
B:\Lisa\A-71\ИТ, Технология программирования\C++\code C++\OpenGL\prototype\Lab 1 - Algorithms analysis graph\Debug\link.10352-rc.write.1.tlog
B:\Lisa\A-71\ИТ, Технология программирования\C++\code C++\OpenGL\prototype\Lab 1 - Algorithms analysis graph\Debug\link.10352.read.1.tlog
B:\Lisa\A-71\ИТ, Технология программирования\C++\code C++\OpenGL\prototype\Lab 1 - Algorithms analysis graph\Debug\link.10352.write.1.tlog
B:\Lisa\A-71\ИТ, Технология программирования\C++\code C++\OpenGL\prototype\Lab 1 - Algorithms analysis graph\Debug\link.10508-cvtres.read.1.tlog
B:\Lisa\A-71\ИТ, Технология программирования\C++\code C++\OpenGL\prototype\Lab 1 - Algorithms analysis graph\Debug\link.10508-cvtres.write.1.tlog
B:\Lisa\A-71\ИТ, Технология программирования\C++\code C++\OpenGL\prototype\Lab 1 - Algorithms analysis graph\Debug\link.10508-rc.read.1.tlog
B:\Lisa\A-71\ИТ, Технология программирования\C++\code C++\OpenGL\prototype\Lab 1 - Algorithms analysis graph\Debug\link.10508-rc.write.1.tlog
B:\Lisa\A-71\ИТ, Технология программирования\C++\code C++\OpenGL\prototype\Lab 1 - Algorithms analysis graph\Debug\link.10508.read.1.tlog
B:\Lisa\A-71\ИТ, Технология программирования\C++\code C++\OpenGL\prototype\Lab 1 - Algorithms analysis graph\Debug\link.10508.write.1.tlog
B:\Lisa\A-71\ИТ, Технология программирования\C++\code C++\OpenGL\prototype\Lab 1 - Algorithms analysis graph\Debug\link.10600-cvtres.read.1.tlog
B:\Lisa\A-71\ИТ, Технология программирования\C++\code C++\OpenGL\prototype\Lab 1 - Algorithms analysis graph\Debug\link.10600-cvtres.write.1.tlog
B:\Lisa\A-71\ИТ, Технология программирования\C++\code C++\OpenGL\prototype\Lab 1 - Algorithms analysis graph\Debug\link.10600-rc.read.1.tlog
B:\Lisa\A-71\ИТ, Технология программирования\C++\code C++\OpenGL\prototype\Lab 1 - Algorithms analysis graph\Debug\link.10600-rc.write.1.tlog
B:\Lisa\A-71\ИТ, Технология программирования\C++\code C++\OpenGL\prototype\Lab 1 - Algorithms analysis graph\Debug\link.10600.read.1.tlog
B:\Lisa\A-71\ИТ, Технология программирования\C++\code C++\OpenGL\prototype\Lab 1 - Algorithms analysis graph\Debug\link.10600.write.1.tlog
B:\Lisa\A-71\ИТ, Технология программирования\C++\code C++\OpenGL\prototype\Lab 1 - Algorithms analysis graph\Debug\link.10664-cvtres.read.1.tlog
B:\Lisa\A-71\ИТ, Технология программирования\C++\code C++\OpenGL\prototype\Lab 1 - Algorithms analysis graph\Debug\link.10664-cvtres.write.1.tlog
B:\Lisa\A-71\ИТ, Технология программирования\C++\code C++\OpenGL\prototype\Lab 1 - Algorithms analysis graph\Debug\link.10664-rc.read.1.tlog
B:\Lisa\A-71\ИТ, Технология программирования\C++\code C++\OpenGL\prototype\Lab 1 - Algorithms analysis graph\Debug\link.10664-rc.write.1.tlog
B:\Lisa\A-71\ИТ, Технология программирования\C++\code C++\OpenGL\prototype\Lab 1 - Algorithms analysis graph\Debug\link.10664.read.1.tlog
B:\Lisa\A-71\ИТ, Технология программирования\C++\code C++\OpenGL\prototype\Lab 1 - Algorithms analysis graph\Debug\link.10664.write.1.tlog
B:\Lisa\A-71\ИТ, Технология программирования\C++\code C++\OpenGL\prototype\Lab 1 - Algorithms analysis graph\Debug\link.10756-cvtres.read.1.tlog
B:\Lisa\A-71\ИТ, Технология программирования\C++\code C++\OpenGL\prototype\Lab 1 - Algorithms analysis graph\Debug\link.10756-cvtres.write.1.tlog
B:\Lisa\A-71\ИТ, Технология программирования\C++\code C++\OpenGL\prototype\Lab 1 - Algorithms analysis graph\Debug\link.10756-rc.read.1.tlog
B:\Lisa\A-71\ИТ, Технология программирования\C++\code C++\OpenGL\prototype\Lab 1 - Algorithms analysis graph\Debug\link.10756-rc.write.1.tlog
B:\Lisa\A-71\ИТ, Технология программирования\C++\code C++\OpenGL\prototype\Lab 1 - Algorithms analysis graph\Debug\link.10756.read.1.tlog
B:\Lisa\A-71\ИТ, Технология программирования\C++\code C++\OpenGL\prototype\Lab 1 - Algorithms analysis graph\Debug\link.10756.write.1.tlog
B:\Lisa\A-71\ИТ, Технология программирования\C++\code C++\OpenGL\prototype\Lab 1 - Algorithms analysis graph\Debug\link.11000-cvtres.read.1.tlog
B:\Lisa\A-71\ИТ, Технология программирования\C++\code C++\OpenGL\prototype\Lab 1 - Algorithms analysis graph\Debug\link.11000-cvtres.write.1.tlog
B:\Lisa\A-71\ИТ, Технология программирования\C++\code C++\OpenGL\prototype\Lab 1 - Algorithms analysis graph\Debug\link.11000-rc.read.1.tlog
B:\Lisa\A-71\ИТ, Технология программирования\C++\code C++\OpenGL\prototype\Lab 1 - Algorithms analysis graph\Debug\link.11000-rc.write.1.tlog
B:\Lisa\A-71\ИТ, Технология программирования\C++\code C++\OpenGL\prototype\Lab 1 - Algorithms analysis graph\Debug\link.11000.read.1.tlog
B:\Lisa\A-71\ИТ, Технология программирования\C++\code C++\OpenGL\prototype\Lab 1 - Algorithms analysis graph\Debug\link.11000.write.1.tlog
B:\Lisa\A-71\ИТ, Технология программирования\C++\code C++\OpenGL\prototype\Lab 1 - Algorithms analysis graph\Debug\link.11076-cvtres.read.1.tlog
B:\Lisa\A-71\ИТ, Технология программирования\C++\code C++\OpenGL\prototype\Lab 1 - Algorithms analysis graph\Debug\link.11076-cvtres.write.1.tlog
B:\Lisa\A-71\ИТ, Технология программирования\C++\code C++\OpenGL\prototype\Lab 1 - Algorithms analysis graph\Debug\link.11076-rc.read.1.tlog
B:\Lisa\A-71\ИТ, Технология программирования\C++\code C++\OpenGL\prototype\Lab 1 - Algorithms analysis graph\Debug\link.11076-rc.write.1.tlog
B:\Lisa\A-71\ИТ, Технология программирования\C++\code C++\OpenGL\prototype\Lab 1 - Algorithms analysis graph\Debug\link.11076.read.1.tlog
B:\Lisa\A-71\ИТ, Технология программирования\C++\code C++\OpenGL\prototype\Lab 1 - Algorithms analysis graph\Debug\link.11076.write.1.tlog
B:\Lisa\A-71\ИТ, Технология программирования\C++\code C++\OpenGL\prototype\Lab 1 - Algorithms analysis graph\Debug\link.1384-cvtres.read.1.tlog
B:\Lisa\A-71\ИТ, Технология программирования\C++\code C++\OpenGL\prototype\Lab 1 - Algorithms analysis graph\Debug\link.1384-cvtres.write.1.tlog
B:\Lisa\A-71\ИТ, Технология программирования\C++\code C++\OpenGL\prototype\Lab 1 - Algorithms analysis graph\Debug\link.1384-rc.read.1.tlog
B:\Lisa\A-71\ИТ, Технология программирования\C++\code C++\OpenGL\prototype\Lab 1 - Algorithms analysis graph\Debug\link.1384-rc.write.1.tlog
B:\Lisa\A-71\ИТ, Технология программирования\C++\code C++\OpenGL\prototype\Lab 1 - Algorithms analysis graph\Debug\link.1384.read.1.tlog
B:\Lisa\A-71\ИТ, Технология программирования\C++\code C++\OpenGL\prototype\Lab 1 - Algorithms analysis graph\Debug\link.1384.write.1.tlog
B:\Lisa\A-71\ИТ, Технология программирования\C++\code C++\OpenGL\prototype\Lab 1 - Algorithms analysis graph\Debug\link.2412-cvtres.read.1.tlog
B:\Lisa\A-71\ИТ, Технология программирования\C++\code C++\OpenGL\prototype\Lab 1 - Algorithms analysis graph\Debug\link.2412-cvtres.write.1.tlog
B:\Lisa\A-71\ИТ, Технология программирования\C++\code C++\OpenGL\prototype\Lab 1 - Algorithms analysis graph\Debug\link.2412-rc.read.1.tlog
B:\Lisa\A-71\ИТ, Технология программирования\C++\code C++\OpenGL\prototype\Lab 1 - Algorithms analysis graph\Debug\link.2412-rc.write.1.tlog
B:\Lisa\A-71\ИТ, Технология программирования\C++\code C++\OpenGL\prototype\Lab 1 - Algorithms analysis graph\Debug\link.2412.read.1.tlog
B:\Lisa\A-71\ИТ, Технология программирования\C++\code C++\OpenGL\prototype\Lab 1 - Algorithms analysis graph\Debug\link.2412.write.1.tlog
B:\Lisa\A-71\ИТ, Технология программирования\C++\code C++\OpenGL\prototype\Lab 1 - Algorithms analysis graph\Debug\link.3552-cvtres.read.1.tlog
B:\Lisa\A-71\ИТ, Технология программирования\C++\code C++\OpenGL\prototype\Lab 1 - Algorithms analysis graph\Debug\link.3552-cvtres.write.1.tlog
B:\Lisa\A-71\ИТ, Технология программирования\C++\code C++\OpenGL\prototype\Lab 1 - Algorithms analysis graph\Debug\link.3552-rc.read.1.tlog
B:\Lisa\A-71\ИТ, Технология программирования\C++\code C++\OpenGL\prototype\Lab 1 - Algorithms analysis graph\Debug\link.3552-rc.write.1.tlog
B:\Lisa\A-71\ИТ, Технология программирования\C++\code C++\OpenGL\prototype\Lab 1 - Algorithms analysis graph\Debug\link.3552.read.1.tlog
B:\Lisa\A-71\ИТ, Технология программирования\C++\code C++\OpenGL\prototype\Lab 1 - Algorithms analysis graph\Debug\link.3552.write.1.tlog
B:\Lisa\A-71\ИТ, Технология программирования\C++\code C++\OpenGL\prototype\Lab 1 - Algorithms analysis graph\Debug\link.4280-cvtres.read.1.tlog
B:\Lisa\A-71\ИТ, Технология программирования\C++\code C++\OpenGL\prototype\Lab 1 - Algorithms analysis graph\Debug\link.4280-cvtres.write.1.tlog
B:\Lisa\A-71\ИТ, Технология программирования\C++\code C++\OpenGL\prototype\Lab 1 - Algorithms analysis graph\Debug\link.4280-rc.read.1.tlog
B:\Lisa\A-71\ИТ, Технология программирования\C++\code C++\OpenGL\prototype\Lab 1 - Algorithms analysis graph\Debug\link.4280-rc.write.1.tlog
B:\Lisa\A-71\ИТ, Технология программирования\C++\code C++\OpenGL\prototype\Lab 1 - Algorithms analysis graph\Debug\link.4280.read.1.tlog
B:\Lisa\A-71\ИТ, Технология программирования\C++\code C++\OpenGL\prototype\Lab 1 - Algorithms analysis graph\Debug\link.4280.write.1.tlog
B:\Lisa\A-71\ИТ, Технология программирования\C++\code C++\OpenGL\prototype\Lab 1 - Algorithms analysis graph\Debug\link.4912-cvtres.read.1.tlog
B:\Lisa\A-71\ИТ, Технология программирования\C++\code C++\OpenGL\prototype\Lab 1 - Algorithms analysis graph\Debug\link.4912-cvtres.write.1.tlog
B:\Lisa\A-71\ИТ, Технология программирования\C++\code C++\OpenGL\prototype\Lab 1 - Algorithms analysis graph\Debug\link.4912-rc.read.1.tlog
B:\Lisa\A-71\ИТ, Технология программирования\C++\code C++\OpenGL\prototype\Lab 1 - Algorithms analysis graph\Debug\link.4912-rc.write.1.tlog
B:\Lisa\A-71\ИТ, Технология программирования\C++\code C++\OpenGL\prototype\Lab 1 - Algorithms analysis graph\Debug\link.4912.read.1.tlog
B:\Lisa\A-71\ИТ, Технология программирования\C++\code C++\OpenGL\prototype\Lab 1 - Algorithms analysis graph\Debug\link.4912.write.1.tlog
B:\Lisa\A-71\ИТ, Технология программирования\C++\code C++\OpenGL\prototype\Lab 1 - Algorithms analysis graph\Debug\link.5244-cvtres.read.1.tlog
B:\Lisa\A-71\ИТ, Технология программирования\C++\code C++\OpenGL\prototype\Lab 1 - Algorithms analysis graph\Debug\link.5244-cvtres.write.1.tlog
B:\Lisa\A-71\ИТ, Технология программирования\C++\code C++\OpenGL\prototype\Lab 1 - Algorithms analysis graph\Debug\link.5244-rc.read.1.tlog
B:\Lisa\A-71\ИТ, Технология программирования\C++\code C++\OpenGL\prototype\Lab 1 - Algorithms analysis graph\Debug\link.5244-rc.write.1.tlog
B:\Lisa\A-71\ИТ, Технология программирования\C++\code C++\OpenGL\prototype\Lab 1 - Algorithms analysis graph\Debug\link.5244.read.1.tlog
B:\Lisa\A-71\ИТ, Технология программирования\C++\code C++\OpenGL\prototype\Lab 1 - Algorithms analysis graph\Debug\link.5244.write.1.tlog
B:\Lisa\A-71\ИТ, Технология программирования\C++\code C++\OpenGL\prototype\Lab 1 - Algorithms analysis graph\Debug\link.5732-cvtres.read.1.tlog
B:\Lisa\A-71\ИТ, Технология программирования\C++\code C++\OpenGL\prototype\Lab 1 - Algorithms analysis graph\Debug\link.5732-cvtres.write.1.tlog
B:\Lisa\A-71\ИТ, Технология программирования\C++\code C++\OpenGL\prototype\Lab 1 - Algorithms analysis graph\Debug\link.5732-rc.read.1.tlog
B:\Lisa\A-71\ИТ, Технология программирования\C++\code C++\OpenGL\prototype\Lab 1 - Algorithms analysis graph\Debug\link.5732-rc.write.1.tlog
B:\Lisa\A-71\ИТ, Технология программирования\C++\code C++\OpenGL\prototype\Lab 1 - Algorithms analysis graph\Debug\link.5732.read.1.tlog
B:\Lisa\A-71\ИТ, Технология программирования\C++\code C++\OpenGL\prototype\Lab 1 - Algorithms analysis graph\Debug\link.5732.write.1.tlog
B:\Lisa\A-71\ИТ, Технология программирования\C++\code C++\OpenGL\prototype\Lab 1 - Algorithms analysis graph\Debug\link.5868-cvtres.read.1.tlog
B:\Lisa\A-71\ИТ, Технология программирования\C++\code C++\OpenGL\prototype\Lab 1 - Algorithms analysis graph\Debug\link.5868-cvtres.write.1.tlog
B:\Lisa\A-71\ИТ, Технология программирования\C++\code C++\OpenGL\prototype\Lab 1 - Algorithms analysis graph\Debug\link.5868-rc.read.1.tlog
B:\Lisa\A-71\ИТ, Технология программирования\C++\code C++\OpenGL\prototype\Lab 1 - Algorithms analysis graph\Debug\link.5868-rc.write.1.tlog
B:\Lisa\A-71\ИТ, Технология программирования\C++\code C++\OpenGL\prototype\Lab 1 - Algorithms analysis graph\Debug\link.5868.read.1.tlog
B:\Lisa\A-71\ИТ, Технология программирования\C++\code C++\OpenGL\prototype\Lab 1 - Algorithms analysis graph\Debug\link.5868.write.1.tlog
B:\Lisa\A-71\ИТ, Технология программирования\C++\code C++\OpenGL\prototype\Lab 1 - Algorithms analysis graph\Debug\link.5888-cvtres.read.1.tlog
B:\Lisa\A-71\ИТ, Технология программирования\C++\code C++\OpenGL\prototype\Lab 1 - Algorithms analysis graph\Debug\link.5888-cvtres.write.1.tlog
B:\Lisa\A-71\ИТ, Технология программирования\C++\code C++\OpenGL\prototype\Lab 1 - Algorithms analysis graph\Debug\link.5888-rc.read.1.tlog
B:\Lisa\A-71\ИТ, Технология программирования\C++\code C++\OpenGL\prototype\Lab 1 - Algorithms analysis graph\Debug\link.5888-rc.write.1.tlog
B:\Lisa\A-71\ИТ, Технология программирования\C++\code C++\OpenGL\prototype\Lab 1 - Algorithms analysis graph\Debug\link.5888.read.1.tlog
B:\Lisa\A-71\ИТ, Технология программирования\C++\code C++\OpenGL\prototype\Lab 1 - Algorithms analysis graph\Debug\link.5888.write.1.tlog
B:\Lisa\A-71\ИТ, Технология программирования\C++\code C++\OpenGL\prototype\Lab 1 - Algorithms analysis graph\Debug\link.6252-cvtres.read.1.tlog
B:\Lisa\A-71\ИТ, Технология программирования\C++\code C++\OpenGL\prototype\Lab 1 - Algorithms analysis graph\Debug\link.6252-cvtres.write.1.tlog
B:\Lisa\A-71\ИТ, Технология программирования\C++\code C++\OpenGL\prototype\Lab 1 - Algorithms analysis graph\Debug\link.6252-rc.read.1.tlog
B:\Lisa\A-71\ИТ, Технология программирования\C++\code C++\OpenGL\prototype\Lab 1 - Algorithms analysis graph\Debug\link.6252-rc.write.1.tlog
B:\Lisa\A-71\ИТ, Технология программирования\C++\code C++\OpenGL\prototype\Lab 1 - Algorithms analysis graph\Debug\link.6252.read.1.tlog
B:\Lisa\A-71\ИТ, Технология программирования\C++\code C++\OpenGL\prototype\Lab 1 - Algorithms analysis graph\Debug\link.6252.write.1.tlog
B:\Lisa\A-71\ИТ, Технология программирования\C++\code C++\OpenGL\prototype\Lab 1 - Algorithms analysis graph\Debug\link.6280-cvtres.read.1.tlog
B:\Lisa\A-71\ИТ, Технология программирования\C++\code C++\OpenGL\prototype\Lab 1 - Algorithms analysis graph\Debug\link.6280-cvtres.write.1.tlog
B:\Lisa\A-71\ИТ, Технология программирования\C++\code C++\OpenGL\prototype\Lab 1 - Algorithms analysis graph\Debug\link.6280-rc.read.1.tlog
B:\Lisa\A-71\ИТ, Технология программирования\C++\code C++\OpenGL\prototype\Lab 1 - Algorithms analysis graph\Debug\link.6280-rc.write.1.tlog
B:\Lisa\A-71\ИТ, Технология программирования\C++\code C++\OpenGL\prototype\Lab 1 - Algorithms analysis graph\Debug\link.6280.read.1.tlog
B:\Lisa\A-71\ИТ, Технология программирования\C++\code C++\OpenGL\prototype\Lab 1 - Algorithms analysis graph\Debug\link.6280.write.1.tlog
B:\Lisa\A-71\ИТ, Технология программирования\C++\code C++\OpenGL\prototype\Lab 1 - Algorithms analysis graph\Debug\link.6600-cvtres.read.1.tlog
B:\Lisa\A-71\ИТ, Технология программирования\C++\code C++\OpenGL\prototype\Lab 1 - Algorithms analysis graph\Debug\link.6600-cvtres.write.1.tlog
B:\Lisa\A-71\ИТ, Технология программирования\C++\code C++\OpenGL\prototype\Lab 1 - Algorithms analysis graph\Debug\link.6600-rc.read.1.tlog
B:\Lisa\A-71\ИТ, Технология программирования\C++\code C++\OpenGL\prototype\Lab 1 - Algorithms analysis graph\Debug\link.6600-rc.write.1.tlog
B:\Lisa\A-71\ИТ, Технология программирования\C++\code C++\OpenGL\prototype\Lab 1 - Algorithms analysis graph\Debug\link.6600.read.1.tlog
B:\Lisa\A-71\ИТ, Технология программирования\C++\code C++\OpenGL\prototype\Lab 1 - Algorithms analysis graph\Debug\link.6600.write.1.tlog
B:\Lisa\A-71\ИТ, Технология программирования\C++\code C++\OpenGL\prototype\Lab 1 - Algorithms analysis graph\Debug\link.6800-cvtres.read.1.tlog
B:\Lisa\A-71\ИТ, Технология программирования\C++\code C++\OpenGL\prototype\Lab 1 - Algorithms analysis graph\Debug\link.6800-cvtres.write.1.tlog
B:\Lisa\A-71\ИТ, Технология программирования\C++\code C++\OpenGL\prototype\Lab 1 - Algorithms analysis graph\Debug\link.6800-rc.read.1.tlog
B:\Lisa\A-71\ИТ, Технология программирования\C++\code C++\OpenGL\prototype\Lab 1 - Algorithms analysis graph\Debug\link.6800-rc.write.1.tlog
B:\Lisa\A-71\ИТ, Технология программирования\C++\code C++\OpenGL\prototype\Lab 1 - Algorithms analysis graph\Debug\link.6800.read.1.tlog
B:\Lisa\A-71\ИТ, Технология программирования\C++\code C++\OpenGL\prototype\Lab 1 - Algorithms analysis graph\Debug\link.6800.write.1.tlog
B:\Lisa\A-71\ИТ, Технология программирования\C++\code C++\OpenGL\prototype\Lab 1 - Algorithms analysis graph\Debug\link.6848-cvtres.read.1.tlog
B:\Lisa\A-71\ИТ, Технология программирования\C++\code C++\OpenGL\prototype\Lab 1 - Algorithms analysis graph\Debug\link.6848-cvtres.write.1.tlog
B:\Lisa\A-71\ИТ, Технология программирования\C++\code C++\OpenGL\prototype\Lab 1 - Algorithms analysis graph\Debug\link.6848-rc.read.1.tlog
B:\Lisa\A-71\ИТ, Технология программирования\C++\code C++\OpenGL\prototype\Lab 1 - Algorithms analysis graph\Debug\link.6848-rc.write.1.tlog
B:\Lisa\A-71\ИТ, Технология программирования\C++\code C++\OpenGL\prototype\Lab 1 - Algorithms analysis graph\Debug\link.6848.read.1.tlog
B:\Lisa\A-71\ИТ, Технология программирования\C++\code C++\OpenGL\prototype\Lab 1 - Algorithms analysis graph\Debug\link.6848.write.1.tlog
B:\Lisa\A-71\ИТ, Технология программирования\C++\code C++\OpenGL\prototype\Lab 1 - Algorithms analysis graph\Debug\link.7460-cvtres.read.1.tlog
B:\Lisa\A-71\ИТ, Технология программирования\C++\code C++\OpenGL\prototype\Lab 1 - Algorithms analysis graph\Debug\link.7460-cvtres.write.1.tlog
B:\Lisa\A-71\ИТ, Технология программирования\C++\code C++\OpenGL\prototype\Lab 1 - Algorithms analysis graph\Debug\link.7460-rc.read.1.tlog
B:\Lisa\A-71\ИТ, Технология программирования\C++\code C++\OpenGL\prototype\Lab 1 - Algorithms analysis graph\Debug\link.7460-rc.write.1.tlog
B:\Lisa\A-71\ИТ, Технология программирования\C++\code C++\OpenGL\prototype\Lab 1 - Algorithms analysis graph\Debug\link.7460.read.1.tlog
B:\Lisa\A-71\ИТ, Технология программирования\C++\code C++\OpenGL\prototype\Lab 1 - Algorithms analysis graph\Debug\link.7460.write.1.tlog
B:\Lisa\A-71\ИТ, Технология программирования\C++\code C++\OpenGL\prototype\Lab 1 - Algorithms analysis graph\Debug\link.7516-cvtres.read.1.tlog
B:\Lisa\A-71\ИТ, Технология программирования\C++\code C++\OpenGL\prototype\Lab 1 - Algorithms analysis graph\Debug\link.7516-cvtres.write.1.tlog
B:\Lisa\A-71\ИТ, Технология программирования\C++\code C++\OpenGL\prototype\Lab 1 - Algorithms analysis graph\Debug\link.7516-rc.read.1.tlog
B:\Lisa\A-71\ИТ, Технология программирования\C++\code C++\OpenGL\prototype\Lab 1 - Algorithms analysis graph\Debug\link.7516-rc.write.1.tlog
B:\Lisa\A-71\ИТ, Технология программирования\C++\code C++\OpenGL\prototype\Lab 1 - Algorithms analysis graph\Debug\link.7516.read.1.tlog
B:\Lisa\A-71\ИТ, Технология программирования\C++\code C++\OpenGL\prototype\Lab 1 - Algorithms analysis graph\Debug\link.7516.write.1.tlog
B:\Lisa\A-71\ИТ, Технология программирования\C++\code C++\OpenGL\prototype\Lab 1 - Algorithms analysis graph\Debug\link.7608-cvtres.read.1.tlog
B:\Lisa\A-71\ИТ, Технология программирования\C++\code C++\OpenGL\prototype\Lab 1 - Algorithms analysis graph\Debug\link.7608-cvtres.write.1.tlog
B:\Lisa\A-71\ИТ, Технология программирования\C++\code C++\OpenGL\prototype\Lab 1 - Algorithms analysis graph\Debug\link.7608-rc.read.1.tlog
B:\Lisa\A-71\ИТ, Технология программирования\C++\code C++\OpenGL\prototype\Lab 1 - Algorithms analysis graph\Debug\link.7608-rc.write.1.tlog
B:\Lisa\A-71\ИТ, Технология программирования\C++\code C++\OpenGL\prototype\Lab 1 - Algorithms analysis graph\Debug\link.7608.read.1.tlog
B:\Lisa\A-71\ИТ, Технология программирования\C++\code C++\OpenGL\prototype\Lab 1 - Algorithms analysis graph\Debug\link.7608.write.1.tlog
B:\Lisa\A-71\ИТ, Технология программирования\C++\code C++\OpenGL\prototype\Lab 1 - Algorithms analysis graph\Debug\link.7664-cvtres.read.1.tlog
B:\Lisa\A-71\ИТ, Технология программирования\C++\code C++\OpenGL\prototype\Lab 1 - Algorithms analysis graph\Debug\link.7664-cvtres.write.1.tlog
B:\Lisa\A-71\ИТ, Технология программирования\C++\code C++\OpenGL\prototype\Lab 1 - Algorithms analysis graph\Debug\link.7664-rc.read.1.tlog
B:\Lisa\A-71\ИТ, Технология программирования\C++\code C++\OpenGL\prototype\Lab 1 - Algorithms analysis graph\Debug\link.7664-rc.write.1.tlog
B:\Lisa\A-71\ИТ, Технология программирования\C++\code C++\OpenGL\prototype\Lab 1 - Algorithms analysis graph\Debug\link.7664.read.1.tlog
B:\Lisa\A-71\ИТ, Технология программирования\C++\code C++\OpenGL\prototype\Lab 1 - Algorithms analysis graph\Debug\link.7664.write.1.tlog
B:\Lisa\A-71\ИТ, Технология программирования\C++\code C++\OpenGL\prototype\Lab 1 - Algorithms analysis graph\Debug\link.7764-cvtres.read.1.tlog
B:\Lisa\A-71\ИТ, Технология программирования\C++\code C++\OpenGL\prototype\Lab 1 - Algorithms analysis graph\Debug\link.7764-cvtres.write.1.tlog
B:\Lisa\A-71\ИТ, Технология программирования\C++\code C++\OpenGL\prototype\Lab 1 - Algorithms analysis graph\Debug\link.7764-rc.read.1.tlog
B:\Lisa\A-71\ИТ, Технология программирования\C++\code C++\OpenGL\prototype\Lab 1 - Algorithms analysis graph\Debug\link.7764-rc.write.1.tlog
B:\Lisa\A-71\ИТ, Технология программирования\C++\code C++\OpenGL\prototype\Lab 1 - Algorithms analysis graph\Debug\link.7764.read.1.tlog
B:\Lisa\A-71\ИТ, Технология программирования\C++\code C++\OpenGL\prototype\Lab 1 - Algorithms analysis graph\Debug\link.7764.write.1.tlog
B:\Lisa\A-71\ИТ, Технология программирования\C++\code C++\OpenGL\prototype\Lab 1 - Algorithms analysis graph\Debug\link.7916-cvtres.read.1.tlog
B:\Lisa\A-71\ИТ, Технология программирования\C++\code C++\OpenGL\prototype\Lab 1 - Algorithms analysis graph\Debug\link.7916-cvtres.write.1.tlog
B:\Lisa\A-71\ИТ, Технология программирования\C++\code C++\OpenGL\prototype\Lab 1 - Algorithms analysis graph\Debug\link.7916-rc.read.1.tlog
B:\Lisa\A-71\ИТ, Технология программирования\C++\code C++\OpenGL\prototype\Lab 1 - Algorithms analysis graph\Debug\link.7916-rc.write.1.tlog
B:\Lisa\A-71\ИТ, Технология программирования\C++\code C++\OpenGL\prototype\Lab 1 - Algorithms analysis graph\Debug\link.7916.read.1.tlog
B:\Lisa\A-71\ИТ, Технология программирования\C++\code C++\OpenGL\prototype\Lab 1 - Algorithms analysis graph\Debug\link.7916.write.1.tlog
B:\Lisa\A-71\ИТ, Технология программирования\C++\code C++\OpenGL\prototype\Lab 1 - Algorithms analysis graph\Debug\link.7920-cvtres.read.1.tlog
B:\Lisa\A-71\ИТ, Технология программирования\C++\code C++\OpenGL\prototype\Lab 1 - Algorithms analysis graph\Debug\link.7920-cvtres.write.1.tlog
B:\Lisa\A-71\ИТ, Технология программирования\C++\code C++\OpenGL\prototype\Lab 1 - Algorithms analysis graph\Debug\link.7920-rc.read.1.tlog
B:\Lisa\A-71\ИТ, Технология программирования\C++\code C++\OpenGL\prototype\Lab 1 - Algorithms analysis graph\Debug\link.7920-rc.write.1.tlog
B:\Lisa\A-71\ИТ, Технология программирования\C++\code C++\OpenGL\prototype\Lab 1 - Algorithms analysis graph\Debug\link.7920.read.1.tlog
B:\Lisa\A-71\ИТ, Технология программирования\C++\code C++\OpenGL\prototype\Lab 1 - Algorithms analysis graph\Debug\link.7920.write.1.tlog
B:\Lisa\A-71\ИТ, Технология программирования\C++\code C++\OpenGL\prototype\Lab 1 - Algorithms analysis graph\Debug\link.8940-cvtres.read.1.tlog
B:\Lisa\A-71\ИТ, Технология программирования\C++\code C++\OpenGL\prototype\Lab 1 - Algorithms analysis graph\Debug\link.8940-cvtres.write.1.tlog
B:\Lisa\A-71\ИТ, Технология программирования\C++\code C++\OpenGL\prototype\Lab 1 - Algorithms analysis graph\Debug\link.8940-rc.read.1.tlog
B:\Lisa\A-71\ИТ, Технология программирования\C++\code C++\OpenGL\prototype\Lab 1 - Algorithms analysis graph\Debug\link.8940-rc.write.1.tlog
B:\Lisa\A-71\ИТ, Технология программирования\C++\code C++\OpenGL\prototype\Lab 1 - Algorithms analysis graph\Debug\link.8940.read.1.tlog
B:\Lisa\A-71\ИТ, Технология программирования\C++\code C++\OpenGL\prototype\Lab 1 - Algorithms analysis graph\Debug\link.8940.write.1.tlog
B:\Lisa\A-71\ИТ, Технология программирования\C++\code C++\OpenGL\prototype\Lab 1 - Algorithms analysis graph\Debug\link.9032-cvtres.read.1.tlog
B:\Lisa\A-71\ИТ, Технология программирования\C++\code C++\OpenGL\prototype\Lab 1 - Algorithms analysis graph\Debug\link.9032-cvtres.write.1.tlog
B:\Lisa\A-71\ИТ, Технология программирования\C++\code C++\OpenGL\prototype\Lab 1 - Algorithms analysis graph\Debug\link.9032-rc.read.1.tlog
B:\Lisa\A-71\ИТ, Технология программирования\C++\code C++\OpenGL\prototype\Lab 1 - Algorithms analysis graph\Debug\link.9032-rc.write.1.tlog
B:\Lisa\A-71\ИТ, Технология программирования\C++\code C++\OpenGL\prototype\Lab 1 - Algorithms analysis graph\Debug\link.9032.read.1.tlog
B:\Lisa\A-71\ИТ, Технология программирования\C++\code C++\OpenGL\prototype\Lab 1 - Algorithms analysis graph\Debug\link.9032.write.1.tlog
B:\Lisa\A-71\ИТ, Технология программирования\C++\code C++\OpenGL\prototype\Lab 1 - Algorithms analysis graph\Debug\link.9136-cvtres.read.1.tlog
B:\Lisa\A-71\ИТ, Технология программирования\C++\code C++\OpenGL\prototype\Lab 1 - Algorithms analysis graph\Debug\link.9136-cvtres.write.1.tlog
B:\Lisa\A-71\ИТ, Технология программирования\C++\code C++\OpenGL\prototype\Lab 1 - Algorithms analysis graph\Debug\link.9136-rc.read.1.tlog
B:\Lisa\A-71\ИТ, Технология программирования\C++\code C++\OpenGL\prototype\Lab 1 - Algorithms analysis graph\Debug\link.9136-rc.write.1.tlog
B:\Lisa\A-71\ИТ, Технология программирования\C++\code C++\OpenGL\prototype\Lab 1 - Algorithms analysis graph\Debug\link.9136.read.1.tlog
B:\Lisa\A-71\ИТ, Технология программирования\C++\code C++\OpenGL\prototype\Lab 1 - Algorithms analysis graph\Debug\link.9136.write.1.tlog
B:\Lisa\A-71\ИТ, Технология программирования\C++\code C++\OpenGL\prototype\Lab 1 - Algorithms analysis graph\Debug\link.9404-cvtres.read.1.tlog
B:\Lisa\A-71\ИТ, Технология программирования\C++\code C++\OpenGL\prototype\Lab 1 - Algorithms analysis graph\Debug\link.9404-cvtres.write.1.tlog
B:\Lisa\A-71\ИТ, Технология программирования\C++\code C++\OpenGL\prototype\Lab 1 - Algorithms analysis graph\Debug\link.9404-rc.read.1.tlog
B:\Lisa\A-71\ИТ, Технология программирования\C++\code C++\OpenGL\prototype\Lab 1 - Algorithms analysis graph\Debug\link.9404-rc.write.1.tlog
B:\Lisa\A-71\ИТ, Технология программирования\C++\code C++\OpenGL\prototype\Lab 1 - Algorithms analysis graph\Debug\link.9404.read.1.tlog
B:\Lisa\A-71\ИТ, Технология программирования\C++\code C++\OpenGL\prototype\Lab 1 - Algorithms analysis graph\Debug\link.9404.write.1.tlog
B:\Lisa\A-71\ИТ, Технология программирования\C++\code C++\OpenGL\prototype\Lab 1 - Algorithms analysis graph\Debug\link.944-cvtres.read.1.tlog
B:\Lisa\A-71\ИТ, Технология программирования\C++\code C++\OpenGL\prototype\Lab 1 - Algorithms analysis graph\Debug\link.944-cvtres.write.1.tlog
B:\Lisa\A-71\ИТ, Технология программирования\C++\code C++\OpenGL\prototype\Lab 1 - Algorithms analysis graph\Debug\link.944-rc.read.1.tlog
B:\Lisa\A-71\ИТ, Технология программирования\C++\code C++\OpenGL\prototype\Lab 1 - Algorithms analysis graph\Debug\link.944-rc.write.1.tlog
B:\Lisa\A-71\ИТ, Технология программирования\C++\code C++\OpenGL\prototype\Lab 1 - Algorithms analysis graph\Debug\link.944.read.1.tlog
B:\Lisa\A-71\ИТ, Технология программирования\C++\code C++\OpenGL\prototype\Lab 1 - Algorithms analysis graph\Debug\link.944.write.1.tlog
B:\Lisa\A-71\ИТ, Технология программирования\C++\code C++\OpenGL\prototype\Lab 1 - Algorithms analysis graph\Debug\link.command.1.tlog
B:\Lisa\A-71\ИТ, Технология программирования\C++\code C++\OpenGL\prototype\Lab 1 - Algorithms analysis graph\Debug\link.read.1.tlog
B:\Lisa\A-71\ИТ, Технология программирования\C++\code C++\OpenGL\prototype\Lab 1 - Algorithms analysis graph\Debug\link.write.1.tlog
B:\Lisa\A-71\ИТ, Технология программирования\C++\code C++\OpenGL\prototype\Lab 1 - Algorithms analysis graph\Debug\Lab 1 - Algorithms analysis graph.pch
B:\Lisa\A-71\ИТ, Технология программирования\C++\code C++\OpenGL\prototype\Lab 1 - Algorithms analysis graph\Debug\vc110.idb
B:\Lisa\A-71\ИТ, Технология программирования\C++\code C++\OpenGL\prototype\Lab 1 - Algorithms analysis graph\Debug\vc110.pdb
B:\Lisa\A-71\ИТ, Технология программирования\C++\code C++\OpenGL\prototype\Debug\Lab 1 - Algorithms analysis graph.pdb
B:\Lisa\A-71\ИТ, Технология программирования\C++\code C++\OpenGL\prototype\Debug\Lab 1 - Algorithms analysis graph.exe
B:\Lisa\A-71\ИТ, Технология программирования\C++\code C++\OpenGL\prototype\Debug\Lab 1 - Algorithms analysis graph.ilk
