B:\LISA\A-71\ИТ, Технология программирования\C++\CODE C++\OPENGL\PROTOTYPE\LAB 3 - GIFT WRAPPER\DEBUG\LAB 3 - GIFT WRAPPER.PCH
B:\LISA\A-71\ИТ, Технология программирования\C++\CODE C++\OPENGL\PROTOTYPE\LAB 3 - GIFT WRAPPER\DEBUG\STDAFX.OBJ
B:\LISA\A-71\ИТ, ТЕХНОЛОГИЯ ПРОГРАММИРОВАНИЯ\C++\CODE C++\OPENGL\PROTOTYPE\LAB 3 - GIFT WRAPPER\DEBUG\VC110.PDB
B:\LISA\A-71\ИТ, Технология программирования\C++\CODE C++\OPENGL\PROTOTYPE\LAB 3 - GIFT WRAPPER\DEBUG\GIFT.OBJ
B:\LISA\A-71\ИТ, Технология программирования\C++\CODE C++\OPENGL\PROTOTYPE\DEBUG\LAB 3 - GIFT WRAPPER.ILK
B:\LISA\A-71\ИТ, Технология программирования\C++\CODE C++\OPENGL\PROTOTYPE\DEBUG\LAB 3 - GIFT WRAPPER.EXE
B:\LISA\A-71\ИТ, ТЕХНОЛОГИЯ ПРОГРАММИРОВАНИЯ\C++\CODE C++\OPENGL\PROTOTYPE\DEBUG\LAB 3 - GIFT WRAPPER.PDB
B:\Lisa\A-71\ИТ, Технология программирования\C++\code C++\OpenGL\prototype\Lab 3 - Gift Wrapper\Debug\gift.obj
B:\Lisa\A-71\ИТ, Технология программирования\C++\code C++\OpenGL\prototype\Lab 3 - Gift Wrapper\Debug\stdafx.obj
B:\Lisa\A-71\ИТ, Технология программирования\C++\code C++\OpenGL\prototype\Lab 3 - Gift Wrapper\Debug\cl.command.1.tlog
B:\Lisa\A-71\ИТ, Технология программирования\C++\code C++\OpenGL\prototype\Lab 3 - Gift Wrapper\Debug\CL.read.1.tlog
B:\Lisa\A-71\ИТ, Технология программирования\C++\code C++\OpenGL\prototype\Lab 3 - Gift Wrapper\Debug\CL.write.1.tlog
B:\Lisa\A-71\ИТ, Технология программирования\C++\code C++\OpenGL\prototype\Lab 3 - Gift Wrapper\Debug\link-cvtres.read.1.tlog
B:\Lisa\A-71\ИТ, Технология программирования\C++\code C++\OpenGL\prototype\Lab 3 - Gift Wrapper\Debug\link-cvtres.write.1.tlog
B:\Lisa\A-71\ИТ, Технология программирования\C++\code C++\OpenGL\prototype\Lab 3 - Gift Wrapper\Debug\link-rc.read.1.tlog
B:\Lisa\A-71\ИТ, Технология программирования\C++\code C++\OpenGL\prototype\Lab 3 - Gift Wrapper\Debug\link-rc.write.1.tlog
B:\Lisa\A-71\ИТ, Технология программирования\C++\code C++\OpenGL\prototype\Lab 3 - Gift Wrapper\Debug\link.1988-cvtres.read.1.tlog
B:\Lisa\A-71\ИТ, Технология программирования\C++\code C++\OpenGL\prototype\Lab 3 - Gift Wrapper\Debug\link.1988-cvtres.write.1.tlog
B:\Lisa\A-71\ИТ, Технология программирования\C++\code C++\OpenGL\prototype\Lab 3 - Gift Wrapper\Debug\link.1988-rc.read.1.tlog
B:\Lisa\A-71\ИТ, Технология программирования\C++\code C++\OpenGL\prototype\Lab 3 - Gift Wrapper\Debug\link.1988-rc.write.1.tlog
B:\Lisa\A-71\ИТ, Технология программирования\C++\code C++\OpenGL\prototype\Lab 3 - Gift Wrapper\Debug\link.1988.read.1.tlog
B:\Lisa\A-71\ИТ, Технология программирования\C++\code C++\OpenGL\prototype\Lab 3 - Gift Wrapper\Debug\link.1988.write.1.tlog
B:\Lisa\A-71\ИТ, Технология программирования\C++\code C++\OpenGL\prototype\Lab 3 - Gift Wrapper\Debug\link.2064-cvtres.read.1.tlog
B:\Lisa\A-71\ИТ, Технология программирования\C++\code C++\OpenGL\prototype\Lab 3 - Gift Wrapper\Debug\link.2064-cvtres.write.1.tlog
B:\Lisa\A-71\ИТ, Технология программирования\C++\code C++\OpenGL\prototype\Lab 3 - Gift Wrapper\Debug\link.2064-rc.read.1.tlog
B:\Lisa\A-71\ИТ, Технология программирования\C++\code C++\OpenGL\prototype\Lab 3 - Gift Wrapper\Debug\link.2064-rc.write.1.tlog
B:\Lisa\A-71\ИТ, Технология программирования\C++\code C++\OpenGL\prototype\Lab 3 - Gift Wrapper\Debug\link.2064.read.1.tlog
B:\Lisa\A-71\ИТ, Технология программирования\C++\code C++\OpenGL\prototype\Lab 3 - Gift Wrapper\Debug\link.2064.write.1.tlog
B:\Lisa\A-71\ИТ, Технология программирования\C++\code C++\OpenGL\prototype\Lab 3 - Gift Wrapper\Debug\link.2240-cvtres.read.1.tlog
B:\Lisa\A-71\ИТ, Технология программирования\C++\code C++\OpenGL\prototype\Lab 3 - Gift Wrapper\Debug\link.2240-cvtres.write.1.tlog
B:\Lisa\A-71\ИТ, Технология программирования\C++\code C++\OpenGL\prototype\Lab 3 - Gift Wrapper\Debug\link.2240-rc.read.1.tlog
B:\Lisa\A-71\ИТ, Технология программирования\C++\code C++\OpenGL\prototype\Lab 3 - Gift Wrapper\Debug\link.2240-rc.write.1.tlog
B:\Lisa\A-71\ИТ, Технология программирования\C++\code C++\OpenGL\prototype\Lab 3 - Gift Wrapper\Debug\link.2240.read.1.tlog
B:\Lisa\A-71\ИТ, Технология программирования\C++\code C++\OpenGL\prototype\Lab 3 - Gift Wrapper\Debug\link.2240.write.1.tlog
B:\Lisa\A-71\ИТ, Технология программирования\C++\code C++\OpenGL\prototype\Lab 3 - Gift Wrapper\Debug\link.2424-cvtres.read.1.tlog
B:\Lisa\A-71\ИТ, Технология программирования\C++\code C++\OpenGL\prototype\Lab 3 - Gift Wrapper\Debug\link.2424-cvtres.write.1.tlog
B:\Lisa\A-71\ИТ, Технология программирования\C++\code C++\OpenGL\prototype\Lab 3 - Gift Wrapper\Debug\link.2424-rc.read.1.tlog
B:\Lisa\A-71\ИТ, Технология программирования\C++\code C++\OpenGL\prototype\Lab 3 - Gift Wrapper\Debug\link.2424-rc.write.1.tlog
B:\Lisa\A-71\ИТ, Технология программирования\C++\code C++\OpenGL\prototype\Lab 3 - Gift Wrapper\Debug\link.2424.read.1.tlog
B:\Lisa\A-71\ИТ, Технология программирования\C++\code C++\OpenGL\prototype\Lab 3 - Gift Wrapper\Debug\link.2424.write.1.tlog
B:\Lisa\A-71\ИТ, Технология программирования\C++\code C++\OpenGL\prototype\Lab 3 - Gift Wrapper\Debug\link.2756-cvtres.read.1.tlog
B:\Lisa\A-71\ИТ, Технология программирования\C++\code C++\OpenGL\prototype\Lab 3 - Gift Wrapper\Debug\link.2756-cvtres.write.1.tlog
B:\Lisa\A-71\ИТ, Технология программирования\C++\code C++\OpenGL\prototype\Lab 3 - Gift Wrapper\Debug\link.2756-rc.read.1.tlog
B:\Lisa\A-71\ИТ, Технология программирования\C++\code C++\OpenGL\prototype\Lab 3 - Gift Wrapper\Debug\link.2756-rc.write.1.tlog
B:\Lisa\A-71\ИТ, Технология программирования\C++\code C++\OpenGL\prototype\Lab 3 - Gift Wrapper\Debug\link.2756.read.1.tlog
B:\Lisa\A-71\ИТ, Технология программирования\C++\code C++\OpenGL\prototype\Lab 3 - Gift Wrapper\Debug\link.2756.write.1.tlog
B:\Lisa\A-71\ИТ, Технология программирования\C++\code C++\OpenGL\prototype\Lab 3 - Gift Wrapper\Debug\link.2912-cvtres.read.1.tlog
B:\Lisa\A-71\ИТ, Технология программирования\C++\code C++\OpenGL\prototype\Lab 3 - Gift Wrapper\Debug\link.2912-cvtres.write.1.tlog
B:\Lisa\A-71\ИТ, Технология программирования\C++\code C++\OpenGL\prototype\Lab 3 - Gift Wrapper\Debug\link.2912-rc.read.1.tlog
B:\Lisa\A-71\ИТ, Технология программирования\C++\code C++\OpenGL\prototype\Lab 3 - Gift Wrapper\Debug\link.2912-rc.write.1.tlog
B:\Lisa\A-71\ИТ, Технология программирования\C++\code C++\OpenGL\prototype\Lab 3 - Gift Wrapper\Debug\link.2912.read.1.tlog
B:\Lisa\A-71\ИТ, Технология программирования\C++\code C++\OpenGL\prototype\Lab 3 - Gift Wrapper\Debug\link.2912.write.1.tlog
B:\Lisa\A-71\ИТ, Технология программирования\C++\code C++\OpenGL\prototype\Lab 3 - Gift Wrapper\Debug\link.3116-cvtres.read.1.tlog
B:\Lisa\A-71\ИТ, Технология программирования\C++\code C++\OpenGL\prototype\Lab 3 - Gift Wrapper\Debug\link.3116-cvtres.write.1.tlog
B:\Lisa\A-71\ИТ, Технология программирования\C++\code C++\OpenGL\prototype\Lab 3 - Gift Wrapper\Debug\link.3116-rc.read.1.tlog
B:\Lisa\A-71\ИТ, Технология программирования\C++\code C++\OpenGL\prototype\Lab 3 - Gift Wrapper\Debug\link.3116-rc.write.1.tlog
B:\Lisa\A-71\ИТ, Технология программирования\C++\code C++\OpenGL\prototype\Lab 3 - Gift Wrapper\Debug\link.3116.read.1.tlog
B:\Lisa\A-71\ИТ, Технология программирования\C++\code C++\OpenGL\prototype\Lab 3 - Gift Wrapper\Debug\link.3116.write.1.tlog
B:\Lisa\A-71\ИТ, Технология программирования\C++\code C++\OpenGL\prototype\Lab 3 - Gift Wrapper\Debug\link.3148-cvtres.read.1.tlog
B:\Lisa\A-71\ИТ, Технология программирования\C++\code C++\OpenGL\prototype\Lab 3 - Gift Wrapper\Debug\link.3148-cvtres.write.1.tlog
B:\Lisa\A-71\ИТ, Технология программирования\C++\code C++\OpenGL\prototype\Lab 3 - Gift Wrapper\Debug\link.3148-rc.read.1.tlog
B:\Lisa\A-71\ИТ, Технология программирования\C++\code C++\OpenGL\prototype\Lab 3 - Gift Wrapper\Debug\link.3148-rc.write.1.tlog
B:\Lisa\A-71\ИТ, Технология программирования\C++\code C++\OpenGL\prototype\Lab 3 - Gift Wrapper\Debug\link.3148.read.1.tlog
B:\Lisa\A-71\ИТ, Технология программирования\C++\code C++\OpenGL\prototype\Lab 3 - Gift Wrapper\Debug\link.3148.write.1.tlog
B:\Lisa\A-71\ИТ, Технология программирования\C++\code C++\OpenGL\prototype\Lab 3 - Gift Wrapper\Debug\link.3288-cvtres.read.1.tlog
B:\Lisa\A-71\ИТ, Технология программирования\C++\code C++\OpenGL\prototype\Lab 3 - Gift Wrapper\Debug\link.3288-cvtres.write.1.tlog
B:\Lisa\A-71\ИТ, Технология программирования\C++\code C++\OpenGL\prototype\Lab 3 - Gift Wrapper\Debug\link.3288-rc.read.1.tlog
B:\Lisa\A-71\ИТ, Технология программирования\C++\code C++\OpenGL\prototype\Lab 3 - Gift Wrapper\Debug\link.3288-rc.write.1.tlog
B:\Lisa\A-71\ИТ, Технология программирования\C++\code C++\OpenGL\prototype\Lab 3 - Gift Wrapper\Debug\link.3288.read.1.tlog
B:\Lisa\A-71\ИТ, Технология программирования\C++\code C++\OpenGL\prototype\Lab 3 - Gift Wrapper\Debug\link.3288.write.1.tlog
B:\Lisa\A-71\ИТ, Технология программирования\C++\code C++\OpenGL\prototype\Lab 3 - Gift Wrapper\Debug\link.3340-cvtres.read.1.tlog
B:\Lisa\A-71\ИТ, Технология программирования\C++\code C++\OpenGL\prototype\Lab 3 - Gift Wrapper\Debug\link.3340-cvtres.write.1.tlog
B:\Lisa\A-71\ИТ, Технология программирования\C++\code C++\OpenGL\prototype\Lab 3 - Gift Wrapper\Debug\link.3340-rc.read.1.tlog
B:\Lisa\A-71\ИТ, Технология программирования\C++\code C++\OpenGL\prototype\Lab 3 - Gift Wrapper\Debug\link.3340-rc.write.1.tlog
B:\Lisa\A-71\ИТ, Технология программирования\C++\code C++\OpenGL\prototype\Lab 3 - Gift Wrapper\Debug\link.3340.read.1.tlog
B:\Lisa\A-71\ИТ, Технология программирования\C++\code C++\OpenGL\prototype\Lab 3 - Gift Wrapper\Debug\link.3340.write.1.tlog
B:\Lisa\A-71\ИТ, Технология программирования\C++\code C++\OpenGL\prototype\Lab 3 - Gift Wrapper\Debug\link.3404-cvtres.read.1.tlog
B:\Lisa\A-71\ИТ, Технология программирования\C++\code C++\OpenGL\prototype\Lab 3 - Gift Wrapper\Debug\link.3404-cvtres.write.1.tlog
B:\Lisa\A-71\ИТ, Технология программирования\C++\code C++\OpenGL\prototype\Lab 3 - Gift Wrapper\Debug\link.3404-rc.read.1.tlog
B:\Lisa\A-71\ИТ, Технология программирования\C++\code C++\OpenGL\prototype\Lab 3 - Gift Wrapper\Debug\link.3404-rc.write.1.tlog
B:\Lisa\A-71\ИТ, Технология программирования\C++\code C++\OpenGL\prototype\Lab 3 - Gift Wrapper\Debug\link.3404.read.1.tlog
B:\Lisa\A-71\ИТ, Технология программирования\C++\code C++\OpenGL\prototype\Lab 3 - Gift Wrapper\Debug\link.3404.write.1.tlog
B:\Lisa\A-71\ИТ, Технология программирования\C++\code C++\OpenGL\prototype\Lab 3 - Gift Wrapper\Debug\link.3480-cvtres.read.1.tlog
B:\Lisa\A-71\ИТ, Технология программирования\C++\code C++\OpenGL\prototype\Lab 3 - Gift Wrapper\Debug\link.3480-cvtres.write.1.tlog
B:\Lisa\A-71\ИТ, Технология программирования\C++\code C++\OpenGL\prototype\Lab 3 - Gift Wrapper\Debug\link.3480-rc.read.1.tlog
B:\Lisa\A-71\ИТ, Технология программирования\C++\code C++\OpenGL\prototype\Lab 3 - Gift Wrapper\Debug\link.3480-rc.write.1.tlog
B:\Lisa\A-71\ИТ, Технология программирования\C++\code C++\OpenGL\prototype\Lab 3 - Gift Wrapper\Debug\link.3480.read.1.tlog
B:\Lisa\A-71\ИТ, Технология программирования\C++\code C++\OpenGL\prototype\Lab 3 - Gift Wrapper\Debug\link.3480.write.1.tlog
B:\Lisa\A-71\ИТ, Технология программирования\C++\code C++\OpenGL\prototype\Lab 3 - Gift Wrapper\Debug\link.3588-cvtres.read.1.tlog
B:\Lisa\A-71\ИТ, Технология программирования\C++\code C++\OpenGL\prototype\Lab 3 - Gift Wrapper\Debug\link.3588-cvtres.write.1.tlog
B:\Lisa\A-71\ИТ, Технология программирования\C++\code C++\OpenGL\prototype\Lab 3 - Gift Wrapper\Debug\link.3588-rc.read.1.tlog
B:\Lisa\A-71\ИТ, Технология программирования\C++\code C++\OpenGL\prototype\Lab 3 - Gift Wrapper\Debug\link.3588-rc.write.1.tlog
B:\Lisa\A-71\ИТ, Технология программирования\C++\code C++\OpenGL\prototype\Lab 3 - Gift Wrapper\Debug\link.3588.read.1.tlog
B:\Lisa\A-71\ИТ, Технология программирования\C++\code C++\OpenGL\prototype\Lab 3 - Gift Wrapper\Debug\link.3588.write.1.tlog
B:\Lisa\A-71\ИТ, Технология программирования\C++\code C++\OpenGL\prototype\Lab 3 - Gift Wrapper\Debug\link.3776-cvtres.read.1.tlog
B:\Lisa\A-71\ИТ, Технология программирования\C++\code C++\OpenGL\prototype\Lab 3 - Gift Wrapper\Debug\link.3776-cvtres.write.1.tlog
B:\Lisa\A-71\ИТ, Технология программирования\C++\code C++\OpenGL\prototype\Lab 3 - Gift Wrapper\Debug\link.3776-rc.read.1.tlog
B:\Lisa\A-71\ИТ, Технология программирования\C++\code C++\OpenGL\prototype\Lab 3 - Gift Wrapper\Debug\link.3776-rc.write.1.tlog
B:\Lisa\A-71\ИТ, Технология программирования\C++\code C++\OpenGL\prototype\Lab 3 - Gift Wrapper\Debug\link.3776.read.1.tlog
B:\Lisa\A-71\ИТ, Технология программирования\C++\code C++\OpenGL\prototype\Lab 3 - Gift Wrapper\Debug\link.3776.write.1.tlog
B:\Lisa\A-71\ИТ, Технология программирования\C++\code C++\OpenGL\prototype\Lab 3 - Gift Wrapper\Debug\link.3780-cvtres.read.1.tlog
B:\Lisa\A-71\ИТ, Технология программирования\C++\code C++\OpenGL\prototype\Lab 3 - Gift Wrapper\Debug\link.3780-cvtres.write.1.tlog
B:\Lisa\A-71\ИТ, Технология программирования\C++\code C++\OpenGL\prototype\Lab 3 - Gift Wrapper\Debug\link.3780-rc.read.1.tlog
B:\Lisa\A-71\ИТ, Технология программирования\C++\code C++\OpenGL\prototype\Lab 3 - Gift Wrapper\Debug\link.3780-rc.write.1.tlog
B:\Lisa\A-71\ИТ, Технология программирования\C++\code C++\OpenGL\prototype\Lab 3 - Gift Wrapper\Debug\link.3780.read.1.tlog
B:\Lisa\A-71\ИТ, Технология программирования\C++\code C++\OpenGL\prototype\Lab 3 - Gift Wrapper\Debug\link.3780.write.1.tlog
B:\Lisa\A-71\ИТ, Технология программирования\C++\code C++\OpenGL\prototype\Lab 3 - Gift Wrapper\Debug\link.4144-cvtres.read.1.tlog
B:\Lisa\A-71\ИТ, Технология программирования\C++\code C++\OpenGL\prototype\Lab 3 - Gift Wrapper\Debug\link.4144-cvtres.write.1.tlog
B:\Lisa\A-71\ИТ, Технология программирования\C++\code C++\OpenGL\prototype\Lab 3 - Gift Wrapper\Debug\link.4144-rc.read.1.tlog
B:\Lisa\A-71\ИТ, Технология программирования\C++\code C++\OpenGL\prototype\Lab 3 - Gift Wrapper\Debug\link.4144-rc.write.1.tlog
B:\Lisa\A-71\ИТ, Технология программирования\C++\code C++\OpenGL\prototype\Lab 3 - Gift Wrapper\Debug\link.4144.read.1.tlog
B:\Lisa\A-71\ИТ, Технология программирования\C++\code C++\OpenGL\prototype\Lab 3 - Gift Wrapper\Debug\link.4144.write.1.tlog
B:\Lisa\A-71\ИТ, Технология программирования\C++\code C++\OpenGL\prototype\Lab 3 - Gift Wrapper\Debug\link.4252-cvtres.read.1.tlog
B:\Lisa\A-71\ИТ, Технология программирования\C++\code C++\OpenGL\prototype\Lab 3 - Gift Wrapper\Debug\link.4252-cvtres.write.1.tlog
B:\Lisa\A-71\ИТ, Технология программирования\C++\code C++\OpenGL\prototype\Lab 3 - Gift Wrapper\Debug\link.4252-rc.read.1.tlog
B:\Lisa\A-71\ИТ, Технология программирования\C++\code C++\OpenGL\prototype\Lab 3 - Gift Wrapper\Debug\link.4252-rc.write.1.tlog
B:\Lisa\A-71\ИТ, Технология программирования\C++\code C++\OpenGL\prototype\Lab 3 - Gift Wrapper\Debug\link.4252.read.1.tlog
B:\Lisa\A-71\ИТ, Технология программирования\C++\code C++\OpenGL\prototype\Lab 3 - Gift Wrapper\Debug\link.4252.write.1.tlog
B:\Lisa\A-71\ИТ, Технология программирования\C++\code C++\OpenGL\prototype\Lab 3 - Gift Wrapper\Debug\link.4516-cvtres.read.1.tlog
B:\Lisa\A-71\ИТ, Технология программирования\C++\code C++\OpenGL\prototype\Lab 3 - Gift Wrapper\Debug\link.4516-cvtres.write.1.tlog
B:\Lisa\A-71\ИТ, Технология программирования\C++\code C++\OpenGL\prototype\Lab 3 - Gift Wrapper\Debug\link.4516-rc.read.1.tlog
B:\Lisa\A-71\ИТ, Технология программирования\C++\code C++\OpenGL\prototype\Lab 3 - Gift Wrapper\Debug\link.4516-rc.write.1.tlog
B:\Lisa\A-71\ИТ, Технология программирования\C++\code C++\OpenGL\prototype\Lab 3 - Gift Wrapper\Debug\link.4516.read.1.tlog
B:\Lisa\A-71\ИТ, Технология программирования\C++\code C++\OpenGL\prototype\Lab 3 - Gift Wrapper\Debug\link.4516.write.1.tlog
B:\Lisa\A-71\ИТ, Технология программирования\C++\code C++\OpenGL\prototype\Lab 3 - Gift Wrapper\Debug\link.4636-cvtres.read.1.tlog
B:\Lisa\A-71\ИТ, Технология программирования\C++\code C++\OpenGL\prototype\Lab 3 - Gift Wrapper\Debug\link.4636-cvtres.write.1.tlog
B:\Lisa\A-71\ИТ, Технология программирования\C++\code C++\OpenGL\prototype\Lab 3 - Gift Wrapper\Debug\link.4636-rc.read.1.tlog
B:\Lisa\A-71\ИТ, Технология программирования\C++\code C++\OpenGL\prototype\Lab 3 - Gift Wrapper\Debug\link.4636-rc.write.1.tlog
B:\Lisa\A-71\ИТ, Технология программирования\C++\code C++\OpenGL\prototype\Lab 3 - Gift Wrapper\Debug\link.4636.read.1.tlog
B:\Lisa\A-71\ИТ, Технология программирования\C++\code C++\OpenGL\prototype\Lab 3 - Gift Wrapper\Debug\link.4636.write.1.tlog
B:\Lisa\A-71\ИТ, Технология программирования\C++\code C++\OpenGL\prototype\Lab 3 - Gift Wrapper\Debug\link.5032-cvtres.read.1.tlog
B:\Lisa\A-71\ИТ, Технология программирования\C++\code C++\OpenGL\prototype\Lab 3 - Gift Wrapper\Debug\link.5032-cvtres.write.1.tlog
B:\Lisa\A-71\ИТ, Технология программирования\C++\code C++\OpenGL\prototype\Lab 3 - Gift Wrapper\Debug\link.5032-rc.read.1.tlog
B:\Lisa\A-71\ИТ, Технология программирования\C++\code C++\OpenGL\prototype\Lab 3 - Gift Wrapper\Debug\link.5032-rc.write.1.tlog
B:\Lisa\A-71\ИТ, Технология программирования\C++\code C++\OpenGL\prototype\Lab 3 - Gift Wrapper\Debug\link.5032.read.1.tlog
B:\Lisa\A-71\ИТ, Технология программирования\C++\code C++\OpenGL\prototype\Lab 3 - Gift Wrapper\Debug\link.5032.write.1.tlog
B:\Lisa\A-71\ИТ, Технология программирования\C++\code C++\OpenGL\prototype\Lab 3 - Gift Wrapper\Debug\link.5144-cvtres.read.1.tlog
B:\Lisa\A-71\ИТ, Технология программирования\C++\code C++\OpenGL\prototype\Lab 3 - Gift Wrapper\Debug\link.5144-cvtres.write.1.tlog
B:\Lisa\A-71\ИТ, Технология программирования\C++\code C++\OpenGL\prototype\Lab 3 - Gift Wrapper\Debug\link.5144-rc.read.1.tlog
B:\Lisa\A-71\ИТ, Технология программирования\C++\code C++\OpenGL\prototype\Lab 3 - Gift Wrapper\Debug\link.5144-rc.write.1.tlog
B:\Lisa\A-71\ИТ, Технология программирования\C++\code C++\OpenGL\prototype\Lab 3 - Gift Wrapper\Debug\link.5144.read.1.tlog
B:\Lisa\A-71\ИТ, Технология программирования\C++\code C++\OpenGL\prototype\Lab 3 - Gift Wrapper\Debug\link.5144.write.1.tlog
B:\Lisa\A-71\ИТ, Технология программирования\C++\code C++\OpenGL\prototype\Lab 3 - Gift Wrapper\Debug\link.5276-cvtres.read.1.tlog
B:\Lisa\A-71\ИТ, Технология программирования\C++\code C++\OpenGL\prototype\Lab 3 - Gift Wrapper\Debug\link.5276-cvtres.write.1.tlog
B:\Lisa\A-71\ИТ, Технология программирования\C++\code C++\OpenGL\prototype\Lab 3 - Gift Wrapper\Debug\link.5276-rc.read.1.tlog
B:\Lisa\A-71\ИТ, Технология программирования\C++\code C++\OpenGL\prototype\Lab 3 - Gift Wrapper\Debug\link.5276-rc.write.1.tlog
B:\Lisa\A-71\ИТ, Технология программирования\C++\code C++\OpenGL\prototype\Lab 3 - Gift Wrapper\Debug\link.5276.read.1.tlog
B:\Lisa\A-71\ИТ, Технология программирования\C++\code C++\OpenGL\prototype\Lab 3 - Gift Wrapper\Debug\link.5276.write.1.tlog
B:\Lisa\A-71\ИТ, Технология программирования\C++\code C++\OpenGL\prototype\Lab 3 - Gift Wrapper\Debug\link.5284-cvtres.read.1.tlog
B:\Lisa\A-71\ИТ, Технология программирования\C++\code C++\OpenGL\prototype\Lab 3 - Gift Wrapper\Debug\link.5284-cvtres.write.1.tlog
B:\Lisa\A-71\ИТ, Технология программирования\C++\code C++\OpenGL\prototype\Lab 3 - Gift Wrapper\Debug\link.5284-rc.read.1.tlog
B:\Lisa\A-71\ИТ, Технология программирования\C++\code C++\OpenGL\prototype\Lab 3 - Gift Wrapper\Debug\link.5284-rc.write.1.tlog
B:\Lisa\A-71\ИТ, Технология программирования\C++\code C++\OpenGL\prototype\Lab 3 - Gift Wrapper\Debug\link.5284.read.1.tlog
B:\Lisa\A-71\ИТ, Технология программирования\C++\code C++\OpenGL\prototype\Lab 3 - Gift Wrapper\Debug\link.5284.write.1.tlog
B:\Lisa\A-71\ИТ, Технология программирования\C++\code C++\OpenGL\prototype\Lab 3 - Gift Wrapper\Debug\link.5332-cvtres.read.1.tlog
B:\Lisa\A-71\ИТ, Технология программирования\C++\code C++\OpenGL\prototype\Lab 3 - Gift Wrapper\Debug\link.5332-cvtres.write.1.tlog
B:\Lisa\A-71\ИТ, Технология программирования\C++\code C++\OpenGL\prototype\Lab 3 - Gift Wrapper\Debug\link.5332-rc.read.1.tlog
B:\Lisa\A-71\ИТ, Технология программирования\C++\code C++\OpenGL\prototype\Lab 3 - Gift Wrapper\Debug\link.5332-rc.write.1.tlog
B:\Lisa\A-71\ИТ, Технология программирования\C++\code C++\OpenGL\prototype\Lab 3 - Gift Wrapper\Debug\link.5332.read.1.tlog
B:\Lisa\A-71\ИТ, Технология программирования\C++\code C++\OpenGL\prototype\Lab 3 - Gift Wrapper\Debug\link.5332.write.1.tlog
B:\Lisa\A-71\ИТ, Технология программирования\C++\code C++\OpenGL\prototype\Lab 3 - Gift Wrapper\Debug\link.5544-cvtres.read.1.tlog
B:\Lisa\A-71\ИТ, Технология программирования\C++\code C++\OpenGL\prototype\Lab 3 - Gift Wrapper\Debug\link.5544-cvtres.write.1.tlog
B:\Lisa\A-71\ИТ, Технология программирования\C++\code C++\OpenGL\prototype\Lab 3 - Gift Wrapper\Debug\link.5544-rc.read.1.tlog
B:\Lisa\A-71\ИТ, Технология программирования\C++\code C++\OpenGL\prototype\Lab 3 - Gift Wrapper\Debug\link.5544-rc.write.1.tlog
B:\Lisa\A-71\ИТ, Технология программирования\C++\code C++\OpenGL\prototype\Lab 3 - Gift Wrapper\Debug\link.5544.read.1.tlog
B:\Lisa\A-71\ИТ, Технология программирования\C++\code C++\OpenGL\prototype\Lab 3 - Gift Wrapper\Debug\link.5544.write.1.tlog
B:\Lisa\A-71\ИТ, Технология программирования\C++\code C++\OpenGL\prototype\Lab 3 - Gift Wrapper\Debug\link.5580-cvtres.read.1.tlog
B:\Lisa\A-71\ИТ, Технология программирования\C++\code C++\OpenGL\prototype\Lab 3 - Gift Wrapper\Debug\link.5580-cvtres.write.1.tlog
B:\Lisa\A-71\ИТ, Технология программирования\C++\code C++\OpenGL\prototype\Lab 3 - Gift Wrapper\Debug\link.5580-rc.read.1.tlog
B:\Lisa\A-71\ИТ, Технология программирования\C++\code C++\OpenGL\prototype\Lab 3 - Gift Wrapper\Debug\link.5580-rc.write.1.tlog
B:\Lisa\A-71\ИТ, Технология программирования\C++\code C++\OpenGL\prototype\Lab 3 - Gift Wrapper\Debug\link.5580.read.1.tlog
B:\Lisa\A-71\ИТ, Технология программирования\C++\code C++\OpenGL\prototype\Lab 3 - Gift Wrapper\Debug\link.5580.write.1.tlog
B:\Lisa\A-71\ИТ, Технология программирования\C++\code C++\OpenGL\prototype\Lab 3 - Gift Wrapper\Debug\link.5596-cvtres.read.1.tlog
B:\Lisa\A-71\ИТ, Технология программирования\C++\code C++\OpenGL\prototype\Lab 3 - Gift Wrapper\Debug\link.5596-cvtres.write.1.tlog
B:\Lisa\A-71\ИТ, Технология программирования\C++\code C++\OpenGL\prototype\Lab 3 - Gift Wrapper\Debug\link.5596-rc.read.1.tlog
B:\Lisa\A-71\ИТ, Технология программирования\C++\code C++\OpenGL\prototype\Lab 3 - Gift Wrapper\Debug\link.5596-rc.write.1.tlog
B:\Lisa\A-71\ИТ, Технология программирования\C++\code C++\OpenGL\prototype\Lab 3 - Gift Wrapper\Debug\link.5596.read.1.tlog
B:\Lisa\A-71\ИТ, Технология программирования\C++\code C++\OpenGL\prototype\Lab 3 - Gift Wrapper\Debug\link.5596.write.1.tlog
B:\Lisa\A-71\ИТ, Технология программирования\C++\code C++\OpenGL\prototype\Lab 3 - Gift Wrapper\Debug\link.5688-cvtres.read.1.tlog
B:\Lisa\A-71\ИТ, Технология программирования\C++\code C++\OpenGL\prototype\Lab 3 - Gift Wrapper\Debug\link.5688-cvtres.write.1.tlog
B:\Lisa\A-71\ИТ, Технология программирования\C++\code C++\OpenGL\prototype\Lab 3 - Gift Wrapper\Debug\link.5688-rc.read.1.tlog
B:\Lisa\A-71\ИТ, Технология программирования\C++\code C++\OpenGL\prototype\Lab 3 - Gift Wrapper\Debug\link.5688-rc.write.1.tlog
B:\Lisa\A-71\ИТ, Технология программирования\C++\code C++\OpenGL\prototype\Lab 3 - Gift Wrapper\Debug\link.5688.read.1.tlog
B:\Lisa\A-71\ИТ, Технология программирования\C++\code C++\OpenGL\prototype\Lab 3 - Gift Wrapper\Debug\link.5688.write.1.tlog
B:\Lisa\A-71\ИТ, Технология программирования\C++\code C++\OpenGL\prototype\Lab 3 - Gift Wrapper\Debug\link.5992-cvtres.read.1.tlog
B:\Lisa\A-71\ИТ, Технология программирования\C++\code C++\OpenGL\prototype\Lab 3 - Gift Wrapper\Debug\link.5992-cvtres.write.1.tlog
B:\Lisa\A-71\ИТ, Технология программирования\C++\code C++\OpenGL\prototype\Lab 3 - Gift Wrapper\Debug\link.5992-rc.read.1.tlog
B:\Lisa\A-71\ИТ, Технология программирования\C++\code C++\OpenGL\prototype\Lab 3 - Gift Wrapper\Debug\link.5992-rc.write.1.tlog
B:\Lisa\A-71\ИТ, Технология программирования\C++\code C++\OpenGL\prototype\Lab 3 - Gift Wrapper\Debug\link.5992.read.1.tlog
B:\Lisa\A-71\ИТ, Технология программирования\C++\code C++\OpenGL\prototype\Lab 3 - Gift Wrapper\Debug\link.5992.write.1.tlog
B:\Lisa\A-71\ИТ, Технология программирования\C++\code C++\OpenGL\prototype\Lab 3 - Gift Wrapper\Debug\link.6204-cvtres.read.1.tlog
B:\Lisa\A-71\ИТ, Технология программирования\C++\code C++\OpenGL\prototype\Lab 3 - Gift Wrapper\Debug\link.6204-cvtres.write.1.tlog
B:\Lisa\A-71\ИТ, Технология программирования\C++\code C++\OpenGL\prototype\Lab 3 - Gift Wrapper\Debug\link.6204-rc.read.1.tlog
B:\Lisa\A-71\ИТ, Технология программирования\C++\code C++\OpenGL\prototype\Lab 3 - Gift Wrapper\Debug\link.6204-rc.write.1.tlog
B:\Lisa\A-71\ИТ, Технология программирования\C++\code C++\OpenGL\prototype\Lab 3 - Gift Wrapper\Debug\link.6204.read.1.tlog
B:\Lisa\A-71\ИТ, Технология программирования\C++\code C++\OpenGL\prototype\Lab 3 - Gift Wrapper\Debug\link.6204.write.1.tlog
B:\Lisa\A-71\ИТ, Технология программирования\C++\code C++\OpenGL\prototype\Lab 3 - Gift Wrapper\Debug\link.6212-cvtres.read.1.tlog
B:\Lisa\A-71\ИТ, Технология программирования\C++\code C++\OpenGL\prototype\Lab 3 - Gift Wrapper\Debug\link.6212-cvtres.write.1.tlog
B:\Lisa\A-71\ИТ, Технология программирования\C++\code C++\OpenGL\prototype\Lab 3 - Gift Wrapper\Debug\link.6212-rc.read.1.tlog
B:\Lisa\A-71\ИТ, Технология программирования\C++\code C++\OpenGL\prototype\Lab 3 - Gift Wrapper\Debug\link.6212-rc.write.1.tlog
B:\Lisa\A-71\ИТ, Технология программирования\C++\code C++\OpenGL\prototype\Lab 3 - Gift Wrapper\Debug\link.6212.read.1.tlog
B:\Lisa\A-71\ИТ, Технология программирования\C++\code C++\OpenGL\prototype\Lab 3 - Gift Wrapper\Debug\link.6212.write.1.tlog
B:\Lisa\A-71\ИТ, Технология программирования\C++\code C++\OpenGL\prototype\Lab 3 - Gift Wrapper\Debug\link.6396-cvtres.read.1.tlog
B:\Lisa\A-71\ИТ, Технология программирования\C++\code C++\OpenGL\prototype\Lab 3 - Gift Wrapper\Debug\link.6396-cvtres.write.1.tlog
B:\Lisa\A-71\ИТ, Технология программирования\C++\code C++\OpenGL\prototype\Lab 3 - Gift Wrapper\Debug\link.6396-rc.read.1.tlog
B:\Lisa\A-71\ИТ, Технология программирования\C++\code C++\OpenGL\prototype\Lab 3 - Gift Wrapper\Debug\link.6396-rc.write.1.tlog
B:\Lisa\A-71\ИТ, Технология программирования\C++\code C++\OpenGL\prototype\Lab 3 - Gift Wrapper\Debug\link.6396.read.1.tlog
B:\Lisa\A-71\ИТ, Технология программирования\C++\code C++\OpenGL\prototype\Lab 3 - Gift Wrapper\Debug\link.6396.write.1.tlog
B:\Lisa\A-71\ИТ, Технология программирования\C++\code C++\OpenGL\prototype\Lab 3 - Gift Wrapper\Debug\link.6724-cvtres.read.1.tlog
B:\Lisa\A-71\ИТ, Технология программирования\C++\code C++\OpenGL\prototype\Lab 3 - Gift Wrapper\Debug\link.6724-cvtres.write.1.tlog
B:\Lisa\A-71\ИТ, Технология программирования\C++\code C++\OpenGL\prototype\Lab 3 - Gift Wrapper\Debug\link.6724-rc.read.1.tlog
B:\Lisa\A-71\ИТ, Технология программирования\C++\code C++\OpenGL\prototype\Lab 3 - Gift Wrapper\Debug\link.6724-rc.write.1.tlog
B:\Lisa\A-71\ИТ, Технология программирования\C++\code C++\OpenGL\prototype\Lab 3 - Gift Wrapper\Debug\link.6724.read.1.tlog
B:\Lisa\A-71\ИТ, Технология программирования\C++\code C++\OpenGL\prototype\Lab 3 - Gift Wrapper\Debug\link.6724.write.1.tlog
B:\Lisa\A-71\ИТ, Технология программирования\C++\code C++\OpenGL\prototype\Lab 3 - Gift Wrapper\Debug\link.6736-cvtres.read.1.tlog
B:\Lisa\A-71\ИТ, Технология программирования\C++\code C++\OpenGL\prototype\Lab 3 - Gift Wrapper\Debug\link.6736-cvtres.write.1.tlog
B:\Lisa\A-71\ИТ, Технология программирования\C++\code C++\OpenGL\prototype\Lab 3 - Gift Wrapper\Debug\link.6736-rc.read.1.tlog
B:\Lisa\A-71\ИТ, Технология программирования\C++\code C++\OpenGL\prototype\Lab 3 - Gift Wrapper\Debug\link.6736-rc.write.1.tlog
B:\Lisa\A-71\ИТ, Технология программирования\C++\code C++\OpenGL\prototype\Lab 3 - Gift Wrapper\Debug\link.6736.read.1.tlog
B:\Lisa\A-71\ИТ, Технология программирования\C++\code C++\OpenGL\prototype\Lab 3 - Gift Wrapper\Debug\link.6736.write.1.tlog
B:\Lisa\A-71\ИТ, Технология программирования\C++\code C++\OpenGL\prototype\Lab 3 - Gift Wrapper\Debug\link.6860-cvtres.read.1.tlog
B:\Lisa\A-71\ИТ, Технология программирования\C++\code C++\OpenGL\prototype\Lab 3 - Gift Wrapper\Debug\link.6860-cvtres.write.1.tlog
B:\Lisa\A-71\ИТ, Технология программирования\C++\code C++\OpenGL\prototype\Lab 3 - Gift Wrapper\Debug\link.6860-rc.read.1.tlog
B:\Lisa\A-71\ИТ, Технология программирования\C++\code C++\OpenGL\prototype\Lab 3 - Gift Wrapper\Debug\link.6860-rc.write.1.tlog
B:\Lisa\A-71\ИТ, Технология программирования\C++\code C++\OpenGL\prototype\Lab 3 - Gift Wrapper\Debug\link.6860.read.1.tlog
B:\Lisa\A-71\ИТ, Технология программирования\C++\code C++\OpenGL\prototype\Lab 3 - Gift Wrapper\Debug\link.6860.write.1.tlog
B:\Lisa\A-71\ИТ, Технология программирования\C++\code C++\OpenGL\prototype\Lab 3 - Gift Wrapper\Debug\link.6880-cvtres.read.1.tlog
B:\Lisa\A-71\ИТ, Технология программирования\C++\code C++\OpenGL\prototype\Lab 3 - Gift Wrapper\Debug\link.6880-cvtres.write.1.tlog
B:\Lisa\A-71\ИТ, Технология программирования\C++\code C++\OpenGL\prototype\Lab 3 - Gift Wrapper\Debug\link.6880-rc.read.1.tlog
B:\Lisa\A-71\ИТ, Технология программирования\C++\code C++\OpenGL\prototype\Lab 3 - Gift Wrapper\Debug\link.6880-rc.write.1.tlog
B:\Lisa\A-71\ИТ, Технология программирования\C++\code C++\OpenGL\prototype\Lab 3 - Gift Wrapper\Debug\link.6880.read.1.tlog
B:\Lisa\A-71\ИТ, Технология программирования\C++\code C++\OpenGL\prototype\Lab 3 - Gift Wrapper\Debug\link.6880.write.1.tlog
B:\Lisa\A-71\ИТ, Технология программирования\C++\code C++\OpenGL\prototype\Lab 3 - Gift Wrapper\Debug\link.6996-cvtres.read.1.tlog
B:\Lisa\A-71\ИТ, Технология программирования\C++\code C++\OpenGL\prototype\Lab 3 - Gift Wrapper\Debug\link.6996-cvtres.write.1.tlog
B:\Lisa\A-71\ИТ, Технология программирования\C++\code C++\OpenGL\prototype\Lab 3 - Gift Wrapper\Debug\link.6996-rc.read.1.tlog
B:\Lisa\A-71\ИТ, Технология программирования\C++\code C++\OpenGL\prototype\Lab 3 - Gift Wrapper\Debug\link.6996-rc.write.1.tlog
B:\Lisa\A-71\ИТ, Технология программирования\C++\code C++\OpenGL\prototype\Lab 3 - Gift Wrapper\Debug\link.6996.read.1.tlog
B:\Lisa\A-71\ИТ, Технология программирования\C++\code C++\OpenGL\prototype\Lab 3 - Gift Wrapper\Debug\link.6996.write.1.tlog
B:\Lisa\A-71\ИТ, Технология программирования\C++\code C++\OpenGL\prototype\Lab 3 - Gift Wrapper\Debug\link.7028-cvtres.read.1.tlog
B:\Lisa\A-71\ИТ, Технология программирования\C++\code C++\OpenGL\prototype\Lab 3 - Gift Wrapper\Debug\link.7028-cvtres.write.1.tlog
B:\Lisa\A-71\ИТ, Технология программирования\C++\code C++\OpenGL\prototype\Lab 3 - Gift Wrapper\Debug\link.7028-rc.read.1.tlog
B:\Lisa\A-71\ИТ, Технология программирования\C++\code C++\OpenGL\prototype\Lab 3 - Gift Wrapper\Debug\link.7028-rc.write.1.tlog
B:\Lisa\A-71\ИТ, Технология программирования\C++\code C++\OpenGL\prototype\Lab 3 - Gift Wrapper\Debug\link.7028.read.1.tlog
B:\Lisa\A-71\ИТ, Технология программирования\C++\code C++\OpenGL\prototype\Lab 3 - Gift Wrapper\Debug\link.7028.write.1.tlog
B:\Lisa\A-71\ИТ, Технология программирования\C++\code C++\OpenGL\prototype\Lab 3 - Gift Wrapper\Debug\link.7308-cvtres.read.1.tlog
B:\Lisa\A-71\ИТ, Технология программирования\C++\code C++\OpenGL\prototype\Lab 3 - Gift Wrapper\Debug\link.7308-cvtres.write.1.tlog
B:\Lisa\A-71\ИТ, Технология программирования\C++\code C++\OpenGL\prototype\Lab 3 - Gift Wrapper\Debug\link.7308-rc.read.1.tlog
B:\Lisa\A-71\ИТ, Технология программирования\C++\code C++\OpenGL\prototype\Lab 3 - Gift Wrapper\Debug\link.7308-rc.write.1.tlog
B:\Lisa\A-71\ИТ, Технология программирования\C++\code C++\OpenGL\prototype\Lab 3 - Gift Wrapper\Debug\link.7308.read.1.tlog
B:\Lisa\A-71\ИТ, Технология программирования\C++\code C++\OpenGL\prototype\Lab 3 - Gift Wrapper\Debug\link.7308.write.1.tlog
B:\Lisa\A-71\ИТ, Технология программирования\C++\code C++\OpenGL\prototype\Lab 3 - Gift Wrapper\Debug\link.7324-cvtres.read.1.tlog
B:\Lisa\A-71\ИТ, Технология программирования\C++\code C++\OpenGL\prototype\Lab 3 - Gift Wrapper\Debug\link.7324-cvtres.write.1.tlog
B:\Lisa\A-71\ИТ, Технология программирования\C++\code C++\OpenGL\prototype\Lab 3 - Gift Wrapper\Debug\link.7324-rc.read.1.tlog
B:\Lisa\A-71\ИТ, Технология программирования\C++\code C++\OpenGL\prototype\Lab 3 - Gift Wrapper\Debug\link.7324-rc.write.1.tlog
B:\Lisa\A-71\ИТ, Технология программирования\C++\code C++\OpenGL\prototype\Lab 3 - Gift Wrapper\Debug\link.7324.read.1.tlog
B:\Lisa\A-71\ИТ, Технология программирования\C++\code C++\OpenGL\prototype\Lab 3 - Gift Wrapper\Debug\link.7324.write.1.tlog
B:\Lisa\A-71\ИТ, Технология программирования\C++\code C++\OpenGL\prototype\Lab 3 - Gift Wrapper\Debug\link.7408-cvtres.read.1.tlog
B:\Lisa\A-71\ИТ, Технология программирования\C++\code C++\OpenGL\prototype\Lab 3 - Gift Wrapper\Debug\link.7408-cvtres.write.1.tlog
B:\Lisa\A-71\ИТ, Технология программирования\C++\code C++\OpenGL\prototype\Lab 3 - Gift Wrapper\Debug\link.7408-rc.read.1.tlog
B:\Lisa\A-71\ИТ, Технология программирования\C++\code C++\OpenGL\prototype\Lab 3 - Gift Wrapper\Debug\link.7408-rc.write.1.tlog
B:\Lisa\A-71\ИТ, Технология программирования\C++\code C++\OpenGL\prototype\Lab 3 - Gift Wrapper\Debug\link.7408.read.1.tlog
B:\Lisa\A-71\ИТ, Технология программирования\C++\code C++\OpenGL\prototype\Lab 3 - Gift Wrapper\Debug\link.7408.write.1.tlog
B:\Lisa\A-71\ИТ, Технология программирования\C++\code C++\OpenGL\prototype\Lab 3 - Gift Wrapper\Debug\link.7528-cvtres.read.1.tlog
B:\Lisa\A-71\ИТ, Технология программирования\C++\code C++\OpenGL\prototype\Lab 3 - Gift Wrapper\Debug\link.7528-cvtres.write.1.tlog
B:\Lisa\A-71\ИТ, Технология программирования\C++\code C++\OpenGL\prototype\Lab 3 - Gift Wrapper\Debug\link.7528-rc.read.1.tlog
B:\Lisa\A-71\ИТ, Технология программирования\C++\code C++\OpenGL\prototype\Lab 3 - Gift Wrapper\Debug\link.7528-rc.write.1.tlog
B:\Lisa\A-71\ИТ, Технология программирования\C++\code C++\OpenGL\prototype\Lab 3 - Gift Wrapper\Debug\link.7528.read.1.tlog
B:\Lisa\A-71\ИТ, Технология программирования\C++\code C++\OpenGL\prototype\Lab 3 - Gift Wrapper\Debug\link.7528.write.1.tlog
B:\Lisa\A-71\ИТ, Технология программирования\C++\code C++\OpenGL\prototype\Lab 3 - Gift Wrapper\Debug\link.7580-cvtres.read.1.tlog
B:\Lisa\A-71\ИТ, Технология программирования\C++\code C++\OpenGL\prototype\Lab 3 - Gift Wrapper\Debug\link.7580-cvtres.write.1.tlog
B:\Lisa\A-71\ИТ, Технология программирования\C++\code C++\OpenGL\prototype\Lab 3 - Gift Wrapper\Debug\link.7580-rc.read.1.tlog
B:\Lisa\A-71\ИТ, Технология программирования\C++\code C++\OpenGL\prototype\Lab 3 - Gift Wrapper\Debug\link.7580-rc.write.1.tlog
B:\Lisa\A-71\ИТ, Технология программирования\C++\code C++\OpenGL\prototype\Lab 3 - Gift Wrapper\Debug\link.7580.read.1.tlog
B:\Lisa\A-71\ИТ, Технология программирования\C++\code C++\OpenGL\prototype\Lab 3 - Gift Wrapper\Debug\link.7580.write.1.tlog
B:\Lisa\A-71\ИТ, Технология программирования\C++\code C++\OpenGL\prototype\Lab 3 - Gift Wrapper\Debug\link.7676-cvtres.read.1.tlog
B:\Lisa\A-71\ИТ, Технология программирования\C++\code C++\OpenGL\prototype\Lab 3 - Gift Wrapper\Debug\link.7676-cvtres.write.1.tlog
B:\Lisa\A-71\ИТ, Технология программирования\C++\code C++\OpenGL\prototype\Lab 3 - Gift Wrapper\Debug\link.7676-rc.read.1.tlog
B:\Lisa\A-71\ИТ, Технология программирования\C++\code C++\OpenGL\prototype\Lab 3 - Gift Wrapper\Debug\link.7676-rc.write.1.tlog
B:\Lisa\A-71\ИТ, Технология программирования\C++\code C++\OpenGL\prototype\Lab 3 - Gift Wrapper\Debug\link.7676.read.1.tlog
B:\Lisa\A-71\ИТ, Технология программирования\C++\code C++\OpenGL\prototype\Lab 3 - Gift Wrapper\Debug\link.7676.write.1.tlog
B:\Lisa\A-71\ИТ, Технология программирования\C++\code C++\OpenGL\prototype\Lab 3 - Gift Wrapper\Debug\link.7748-cvtres.read.1.tlog
B:\Lisa\A-71\ИТ, Технология программирования\C++\code C++\OpenGL\prototype\Lab 3 - Gift Wrapper\Debug\link.7748-cvtres.write.1.tlog
B:\Lisa\A-71\ИТ, Технология программирования\C++\code C++\OpenGL\prototype\Lab 3 - Gift Wrapper\Debug\link.7748-rc.read.1.tlog
B:\Lisa\A-71\ИТ, Технология программирования\C++\code C++\OpenGL\prototype\Lab 3 - Gift Wrapper\Debug\link.7748-rc.write.1.tlog
B:\Lisa\A-71\ИТ, Технология программирования\C++\code C++\OpenGL\prototype\Lab 3 - Gift Wrapper\Debug\link.7748.read.1.tlog
B:\Lisa\A-71\ИТ, Технология программирования\C++\code C++\OpenGL\prototype\Lab 3 - Gift Wrapper\Debug\link.7748.write.1.tlog
B:\Lisa\A-71\ИТ, Технология программирования\C++\code C++\OpenGL\prototype\Lab 3 - Gift Wrapper\Debug\link.7752-cvtres.read.1.tlog
B:\Lisa\A-71\ИТ, Технология программирования\C++\code C++\OpenGL\prototype\Lab 3 - Gift Wrapper\Debug\link.7752-cvtres.write.1.tlog
B:\Lisa\A-71\ИТ, Технология программирования\C++\code C++\OpenGL\prototype\Lab 3 - Gift Wrapper\Debug\link.7752-rc.read.1.tlog
B:\Lisa\A-71\ИТ, Технология программирования\C++\code C++\OpenGL\prototype\Lab 3 - Gift Wrapper\Debug\link.7752-rc.write.1.tlog
B:\Lisa\A-71\ИТ, Технология программирования\C++\code C++\OpenGL\prototype\Lab 3 - Gift Wrapper\Debug\link.7752.read.1.tlog
B:\Lisa\A-71\ИТ, Технология программирования\C++\code C++\OpenGL\prototype\Lab 3 - Gift Wrapper\Debug\link.7752.write.1.tlog
B:\Lisa\A-71\ИТ, Технология программирования\C++\code C++\OpenGL\prototype\Lab 3 - Gift Wrapper\Debug\link.7888-cvtres.read.1.tlog
B:\Lisa\A-71\ИТ, Технология программирования\C++\code C++\OpenGL\prototype\Lab 3 - Gift Wrapper\Debug\link.7888-cvtres.write.1.tlog
B:\Lisa\A-71\ИТ, Технология программирования\C++\code C++\OpenGL\prototype\Lab 3 - Gift Wrapper\Debug\link.7888-rc.read.1.tlog
B:\Lisa\A-71\ИТ, Технология программирования\C++\code C++\OpenGL\prototype\Lab 3 - Gift Wrapper\Debug\link.7888-rc.write.1.tlog
B:\Lisa\A-71\ИТ, Технология программирования\C++\code C++\OpenGL\prototype\Lab 3 - Gift Wrapper\Debug\link.7888.read.1.tlog
B:\Lisa\A-71\ИТ, Технология программирования\C++\code C++\OpenGL\prototype\Lab 3 - Gift Wrapper\Debug\link.7888.write.1.tlog
B:\Lisa\A-71\ИТ, Технология программирования\C++\code C++\OpenGL\prototype\Lab 3 - Gift Wrapper\Debug\link.7960-cvtres.read.1.tlog
B:\Lisa\A-71\ИТ, Технология программирования\C++\code C++\OpenGL\prototype\Lab 3 - Gift Wrapper\Debug\link.7960-cvtres.write.1.tlog
B:\Lisa\A-71\ИТ, Технология программирования\C++\code C++\OpenGL\prototype\Lab 3 - Gift Wrapper\Debug\link.7960-rc.read.1.tlog
B:\Lisa\A-71\ИТ, Технология программирования\C++\code C++\OpenGL\prototype\Lab 3 - Gift Wrapper\Debug\link.7960-rc.write.1.tlog
B:\Lisa\A-71\ИТ, Технология программирования\C++\code C++\OpenGL\prototype\Lab 3 - Gift Wrapper\Debug\link.7960.read.1.tlog
B:\Lisa\A-71\ИТ, Технология программирования\C++\code C++\OpenGL\prototype\Lab 3 - Gift Wrapper\Debug\link.7960.write.1.tlog
B:\Lisa\A-71\ИТ, Технология программирования\C++\code C++\OpenGL\prototype\Lab 3 - Gift Wrapper\Debug\link.8020-cvtres.read.1.tlog
B:\Lisa\A-71\ИТ, Технология программирования\C++\code C++\OpenGL\prototype\Lab 3 - Gift Wrapper\Debug\link.8020-cvtres.write.1.tlog
B:\Lisa\A-71\ИТ, Технология программирования\C++\code C++\OpenGL\prototype\Lab 3 - Gift Wrapper\Debug\link.8020-rc.read.1.tlog
B:\Lisa\A-71\ИТ, Технология программирования\C++\code C++\OpenGL\prototype\Lab 3 - Gift Wrapper\Debug\link.8020-rc.write.1.tlog
B:\Lisa\A-71\ИТ, Технология программирования\C++\code C++\OpenGL\prototype\Lab 3 - Gift Wrapper\Debug\link.8020.read.1.tlog
B:\Lisa\A-71\ИТ, Технология программирования\C++\code C++\OpenGL\prototype\Lab 3 - Gift Wrapper\Debug\link.8020.write.1.tlog
B:\Lisa\A-71\ИТ, Технология программирования\C++\code C++\OpenGL\prototype\Lab 3 - Gift Wrapper\Debug\link.8136-cvtres.read.1.tlog
B:\Lisa\A-71\ИТ, Технология программирования\C++\code C++\OpenGL\prototype\Lab 3 - Gift Wrapper\Debug\link.8136-cvtres.write.1.tlog
B:\Lisa\A-71\ИТ, Технология программирования\C++\code C++\OpenGL\prototype\Lab 3 - Gift Wrapper\Debug\link.8136-rc.read.1.tlog
B:\Lisa\A-71\ИТ, Технология программирования\C++\code C++\OpenGL\prototype\Lab 3 - Gift Wrapper\Debug\link.8136-rc.write.1.tlog
B:\Lisa\A-71\ИТ, Технология программирования\C++\code C++\OpenGL\prototype\Lab 3 - Gift Wrapper\Debug\link.8136.read.1.tlog
B:\Lisa\A-71\ИТ, Технология программирования\C++\code C++\OpenGL\prototype\Lab 3 - Gift Wrapper\Debug\link.8136.write.1.tlog
B:\Lisa\A-71\ИТ, Технология программирования\C++\code C++\OpenGL\prototype\Lab 3 - Gift Wrapper\Debug\link.8196-cvtres.read.1.tlog
B:\Lisa\A-71\ИТ, Технология программирования\C++\code C++\OpenGL\prototype\Lab 3 - Gift Wrapper\Debug\link.8196-cvtres.write.1.tlog
B:\Lisa\A-71\ИТ, Технология программирования\C++\code C++\OpenGL\prototype\Lab 3 - Gift Wrapper\Debug\link.8196-rc.read.1.tlog
B:\Lisa\A-71\ИТ, Технология программирования\C++\code C++\OpenGL\prototype\Lab 3 - Gift Wrapper\Debug\link.8196-rc.write.1.tlog
B:\Lisa\A-71\ИТ, Технология программирования\C++\code C++\OpenGL\prototype\Lab 3 - Gift Wrapper\Debug\link.8196.read.1.tlog
B:\Lisa\A-71\ИТ, Технология программирования\C++\code C++\OpenGL\prototype\Lab 3 - Gift Wrapper\Debug\link.8196.write.1.tlog
B:\Lisa\A-71\ИТ, Технология программирования\C++\code C++\OpenGL\prototype\Lab 3 - Gift Wrapper\Debug\link.8220-cvtres.read.1.tlog
B:\Lisa\A-71\ИТ, Технология программирования\C++\code C++\OpenGL\prototype\Lab 3 - Gift Wrapper\Debug\link.8220-cvtres.write.1.tlog
B:\Lisa\A-71\ИТ, Технология программирования\C++\code C++\OpenGL\prototype\Lab 3 - Gift Wrapper\Debug\link.8220-rc.read.1.tlog
B:\Lisa\A-71\ИТ, Технология программирования\C++\code C++\OpenGL\prototype\Lab 3 - Gift Wrapper\Debug\link.8220-rc.write.1.tlog
B:\Lisa\A-71\ИТ, Технология программирования\C++\code C++\OpenGL\prototype\Lab 3 - Gift Wrapper\Debug\link.8220.read.1.tlog
B:\Lisa\A-71\ИТ, Технология программирования\C++\code C++\OpenGL\prototype\Lab 3 - Gift Wrapper\Debug\link.8220.write.1.tlog
B:\Lisa\A-71\ИТ, Технология программирования\C++\code C++\OpenGL\prototype\Lab 3 - Gift Wrapper\Debug\link.8240-cvtres.read.1.tlog
B:\Lisa\A-71\ИТ, Технология программирования\C++\code C++\OpenGL\prototype\Lab 3 - Gift Wrapper\Debug\link.8240-cvtres.write.1.tlog
B:\Lisa\A-71\ИТ, Технология программирования\C++\code C++\OpenGL\prototype\Lab 3 - Gift Wrapper\Debug\link.8240-rc.read.1.tlog
B:\Lisa\A-71\ИТ, Технология программирования\C++\code C++\OpenGL\prototype\Lab 3 - Gift Wrapper\Debug\link.8240-rc.write.1.tlog
B:\Lisa\A-71\ИТ, Технология программирования\C++\code C++\OpenGL\prototype\Lab 3 - Gift Wrapper\Debug\link.8240.read.1.tlog
B:\Lisa\A-71\ИТ, Технология программирования\C++\code C++\OpenGL\prototype\Lab 3 - Gift Wrapper\Debug\link.8240.write.1.tlog
B:\Lisa\A-71\ИТ, Технология программирования\C++\code C++\OpenGL\prototype\Lab 3 - Gift Wrapper\Debug\link.8460-cvtres.read.1.tlog
B:\Lisa\A-71\ИТ, Технология программирования\C++\code C++\OpenGL\prototype\Lab 3 - Gift Wrapper\Debug\link.8460-cvtres.write.1.tlog
B:\Lisa\A-71\ИТ, Технология программирования\C++\code C++\OpenGL\prototype\Lab 3 - Gift Wrapper\Debug\link.8460-rc.read.1.tlog
B:\Lisa\A-71\ИТ, Технология программирования\C++\code C++\OpenGL\prototype\Lab 3 - Gift Wrapper\Debug\link.8460-rc.write.1.tlog
B:\Lisa\A-71\ИТ, Технология программирования\C++\code C++\OpenGL\prototype\Lab 3 - Gift Wrapper\Debug\link.8460.read.1.tlog
B:\Lisa\A-71\ИТ, Технология программирования\C++\code C++\OpenGL\prototype\Lab 3 - Gift Wrapper\Debug\link.8460.write.1.tlog
B:\Lisa\A-71\ИТ, Технология программирования\C++\code C++\OpenGL\prototype\Lab 3 - Gift Wrapper\Debug\link.8472-cvtres.read.1.tlog
B:\Lisa\A-71\ИТ, Технология программирования\C++\code C++\OpenGL\prototype\Lab 3 - Gift Wrapper\Debug\link.8472-cvtres.write.1.tlog
B:\Lisa\A-71\ИТ, Технология программирования\C++\code C++\OpenGL\prototype\Lab 3 - Gift Wrapper\Debug\link.8472-rc.read.1.tlog
B:\Lisa\A-71\ИТ, Технология программирования\C++\code C++\OpenGL\prototype\Lab 3 - Gift Wrapper\Debug\link.8472-rc.write.1.tlog
B:\Lisa\A-71\ИТ, Технология программирования\C++\code C++\OpenGL\prototype\Lab 3 - Gift Wrapper\Debug\link.8472.read.1.tlog
B:\Lisa\A-71\ИТ, Технология программирования\C++\code C++\OpenGL\prototype\Lab 3 - Gift Wrapper\Debug\link.8472.write.1.tlog
B:\Lisa\A-71\ИТ, Технология программирования\C++\code C++\OpenGL\prototype\Lab 3 - Gift Wrapper\Debug\link.8812-cvtres.read.1.tlog
B:\Lisa\A-71\ИТ, Технология программирования\C++\code C++\OpenGL\prototype\Lab 3 - Gift Wrapper\Debug\link.8812-cvtres.write.1.tlog
B:\Lisa\A-71\ИТ, Технология программирования\C++\code C++\OpenGL\prototype\Lab 3 - Gift Wrapper\Debug\link.8812-rc.read.1.tlog
B:\Lisa\A-71\ИТ, Технология программирования\C++\code C++\OpenGL\prototype\Lab 3 - Gift Wrapper\Debug\link.8812-rc.write.1.tlog
B:\Lisa\A-71\ИТ, Технология программирования\C++\code C++\OpenGL\prototype\Lab 3 - Gift Wrapper\Debug\link.8812.read.1.tlog
B:\Lisa\A-71\ИТ, Технология программирования\C++\code C++\OpenGL\prototype\Lab 3 - Gift Wrapper\Debug\link.8812.write.1.tlog
B:\Lisa\A-71\ИТ, Технология программирования\C++\code C++\OpenGL\prototype\Lab 3 - Gift Wrapper\Debug\link.8868-cvtres.read.1.tlog
B:\Lisa\A-71\ИТ, Технология программирования\C++\code C++\OpenGL\prototype\Lab 3 - Gift Wrapper\Debug\link.8868-cvtres.write.1.tlog
B:\Lisa\A-71\ИТ, Технология программирования\C++\code C++\OpenGL\prototype\Lab 3 - Gift Wrapper\Debug\link.8868-rc.read.1.tlog
B:\Lisa\A-71\ИТ, Технология программирования\C++\code C++\OpenGL\prototype\Lab 3 - Gift Wrapper\Debug\link.8868-rc.write.1.tlog
B:\Lisa\A-71\ИТ, Технология программирования\C++\code C++\OpenGL\prototype\Lab 3 - Gift Wrapper\Debug\link.8868.read.1.tlog
B:\Lisa\A-71\ИТ, Технология программирования\C++\code C++\OpenGL\prototype\Lab 3 - Gift Wrapper\Debug\link.8868.write.1.tlog
B:\Lisa\A-71\ИТ, Технология программирования\C++\code C++\OpenGL\prototype\Lab 3 - Gift Wrapper\Debug\link.8940-cvtres.read.1.tlog
B:\Lisa\A-71\ИТ, Технология программирования\C++\code C++\OpenGL\prototype\Lab 3 - Gift Wrapper\Debug\link.8940-cvtres.write.1.tlog
B:\Lisa\A-71\ИТ, Технология программирования\C++\code C++\OpenGL\prototype\Lab 3 - Gift Wrapper\Debug\link.8940-rc.read.1.tlog
B:\Lisa\A-71\ИТ, Технология программирования\C++\code C++\OpenGL\prototype\Lab 3 - Gift Wrapper\Debug\link.8940-rc.write.1.tlog
B:\Lisa\A-71\ИТ, Технология программирования\C++\code C++\OpenGL\prototype\Lab 3 - Gift Wrapper\Debug\link.8940.read.1.tlog
B:\Lisa\A-71\ИТ, Технология программирования\C++\code C++\OpenGL\prototype\Lab 3 - Gift Wrapper\Debug\link.8940.write.1.tlog
B:\Lisa\A-71\ИТ, Технология программирования\C++\code C++\OpenGL\prototype\Lab 3 - Gift Wrapper\Debug\link.9088-cvtres.read.1.tlog
B:\Lisa\A-71\ИТ, Технология программирования\C++\code C++\OpenGL\prototype\Lab 3 - Gift Wrapper\Debug\link.9088-cvtres.write.1.tlog
B:\Lisa\A-71\ИТ, Технология программирования\C++\code C++\OpenGL\prototype\Lab 3 - Gift Wrapper\Debug\link.9088-rc.read.1.tlog
B:\Lisa\A-71\ИТ, Технология программирования\C++\code C++\OpenGL\prototype\Lab 3 - Gift Wrapper\Debug\link.9088-rc.write.1.tlog
B:\Lisa\A-71\ИТ, Технология программирования\C++\code C++\OpenGL\prototype\Lab 3 - Gift Wrapper\Debug\link.9088.read.1.tlog
B:\Lisa\A-71\ИТ, Технология программирования\C++\code C++\OpenGL\prototype\Lab 3 - Gift Wrapper\Debug\link.9088.write.1.tlog
B:\Lisa\A-71\ИТ, Технология программирования\C++\code C++\OpenGL\prototype\Lab 3 - Gift Wrapper\Debug\link.command.1.tlog
B:\Lisa\A-71\ИТ, Технология программирования\C++\code C++\OpenGL\prototype\Lab 3 - Gift Wrapper\Debug\link.read.1.tlog
B:\Lisa\A-71\ИТ, Технология программирования\C++\code C++\OpenGL\prototype\Lab 3 - Gift Wrapper\Debug\link.write.1.tlog
B:\Lisa\A-71\ИТ, Технология программирования\C++\code C++\OpenGL\prototype\Lab 3 - Gift Wrapper\Debug\Lab 3 - Gift Wrapper.pch
B:\Lisa\A-71\ИТ, Технология программирования\C++\code C++\OpenGL\prototype\Lab 3 - Gift Wrapper\Debug\vc110.idb
B:\Lisa\A-71\ИТ, Технология программирования\C++\code C++\OpenGL\prototype\Lab 3 - Gift Wrapper\Debug\vc110.pdb
B:\Lisa\A-71\ИТ, Технология программирования\C++\code C++\OpenGL\prototype\Debug\Lab 3 - Gift Wrapper.pdb
B:\Lisa\A-71\ИТ, Технология программирования\C++\code C++\OpenGL\prototype\Debug\Lab 3 - Gift Wrapper.exe
B:\Lisa\A-71\ИТ, Технология программирования\C++\code C++\OpenGL\prototype\Debug\Lab 3 - Gift Wrapper.ilk
