B:\LISA\A-71\ИТ, Технология программирования\C++\CODE C++\OPENGL\PROTOTYPE\SEARCH_STRAIGHT\DEBUG\SEARCH_STRAIGHT.PCH
B:\LISA\A-71\ИТ, Технология программирования\C++\CODE C++\OPENGL\PROTOTYPE\SEARCH_STRAIGHT\DEBUG\STDAFX.OBJ
B:\LISA\A-71\ИТ, ТЕХНОЛОГИЯ ПРОГРАММИРОВАНИЯ\C++\CODE C++\OPENGL\PROTOTYPE\SEARCH_STRAIGHT\DEBUG\VC110.PDB
B:\LISA\A-71\ИТ, Технология программирования\C++\CODE C++\OPENGL\PROTOTYPE\SEARCH_STRAIGHT\DEBUG\SEARCH_STRAIGHT.OBJ
B:\LISA\A-71\ИТ, Технология программирования\C++\CODE C++\OPENGL\PROTOTYPE\DEBUG\SEARCH_STRAIGHT.ILK
B:\LISA\A-71\ИТ, Технология программирования\C++\CODE C++\OPENGL\PROTOTYPE\DEBUG\SEARCH_STRAIGHT.EXE
B:\LISA\A-71\ИТ, ТЕХНОЛОГИЯ ПРОГРАММИРОВАНИЯ\C++\CODE C++\OPENGL\PROTOTYPE\DEBUG\SEARCH_STRAIGHT.PDB
B:\Lisa\A-71\ИТ, Технология программирования\C++\code C++\OpenGL\prototype\search_straight\Debug\search_straight.obj
B:\Lisa\A-71\ИТ, Технология программирования\C++\code C++\OpenGL\prototype\search_straight\Debug\stdafx.obj
B:\Lisa\A-71\ИТ, Технология программирования\C++\code C++\OpenGL\prototype\search_straight\Debug\cl.command.1.tlog
B:\Lisa\A-71\ИТ, Технология программирования\C++\code C++\OpenGL\prototype\search_straight\Debug\CL.read.1.tlog
B:\Lisa\A-71\ИТ, Технология программирования\C++\code C++\OpenGL\prototype\search_straight\Debug\CL.write.1.tlog
B:\Lisa\A-71\ИТ, Технология программирования\C++\code C++\OpenGL\prototype\search_straight\Debug\link-cvtres.read.1.tlog
B:\Lisa\A-71\ИТ, Технология программирования\C++\code C++\OpenGL\prototype\search_straight\Debug\link-cvtres.write.1.tlog
B:\Lisa\A-71\ИТ, Технология программирования\C++\code C++\OpenGL\prototype\search_straight\Debug\link-rc.read.1.tlog
B:\Lisa\A-71\ИТ, Технология программирования\C++\code C++\OpenGL\prototype\search_straight\Debug\link-rc.write.1.tlog
B:\Lisa\A-71\ИТ, Технология программирования\C++\code C++\OpenGL\prototype\search_straight\Debug\link.command.1.tlog
B:\Lisa\A-71\ИТ, Технология программирования\C++\code C++\OpenGL\prototype\search_straight\Debug\link.read.1.tlog
B:\Lisa\A-71\ИТ, Технология программирования\C++\code C++\OpenGL\prototype\search_straight\Debug\link.write.1.tlog
B:\Lisa\A-71\ИТ, Технология программирования\C++\code C++\OpenGL\prototype\search_straight\Debug\search_straight.pch
B:\Lisa\A-71\ИТ, Технология программирования\C++\code C++\OpenGL\prototype\search_straight\Debug\vc110.idb
B:\Lisa\A-71\ИТ, Технология программирования\C++\code C++\OpenGL\prototype\search_straight\Debug\vc110.pdb
B:\Lisa\A-71\ИТ, Технология программирования\C++\code C++\OpenGL\prototype\Debug\search_straight.pdb
B:\Lisa\A-71\ИТ, Технология программирования\C++\code C++\OpenGL\prototype\Debug\search_straight.exe
B:\Lisa\A-71\ИТ, Технология программирования\C++\code C++\OpenGL\prototype\Debug\search_straight.ilk
