B:\LISA\A-71\ИТ, Технология программирования\C++\CODE C++\OPENGL\SHAPE1\SHAPE1\DEBUG\SHAPE1.PCH
B:\LISA\A-71\ИТ, Технология программирования\C++\CODE C++\OPENGL\SHAPE1\SHAPE1\DEBUG\STDAFX.OBJ
B:\LISA\A-71\ИТ, ТЕХНОЛОГИЯ ПРОГРАММИРОВАНИЯ\C++\CODE C++\OPENGL\SHAPE1\SHAPE1\DEBUG\VC110.PDB
B:\LISA\A-71\ИТ, Технология программирования\C++\CODE C++\OPENGL\SHAPE1\SHAPE1\DEBUG\GRID.PCH
B:\LISA\A-71\ИТ, Технология программирования\C++\CODE C++\OPENGL\SHAPE1\SHAPE1\DEBUG\SHAPE1.OBJ
B:\LISA\A-71\ИТ, Технология программирования\C++\CODE C++\OPENGL\SHAPE1\SHAPE1\DEBUG\FUNX.OBJ
B:\LISA\A-71\ИТ, Технология программирования\C++\CODE C++\OPENGL\PROTOTYPE\DEBUG\GRID.ILK
B:\LISA\A-71\ИТ, Технология программирования\C++\CODE C++\OPENGL\PROTOTYPE\DEBUG\GRID.EXE
B:\LISA\A-71\ИТ, ТЕХНОЛОГИЯ ПРОГРАММИРОВАНИЯ\C++\CODE C++\OPENGL\PROTOTYPE\DEBUG\GRID.PDB
B:\Lisa\A-71\ИТ, Технология программирования\C++\code C++\OpenGL\Shape1\Shape1\Debug\funx.obj
B:\Lisa\A-71\ИТ, Технология программирования\C++\code C++\OpenGL\Shape1\Shape1\Debug\Shape1.obj
B:\Lisa\A-71\ИТ, Технология программирования\C++\code C++\OpenGL\Shape1\Shape1\Debug\stdafx.obj
B:\Lisa\A-71\ИТ, Технология программирования\C++\code C++\OpenGL\Shape1\Shape1\Debug\cl.command.1.tlog
B:\Lisa\A-71\ИТ, Технология программирования\C++\code C++\OpenGL\Shape1\Shape1\Debug\CL.read.1.tlog
B:\Lisa\A-71\ИТ, Технология программирования\C++\code C++\OpenGL\Shape1\Shape1\Debug\CL.write.1.tlog
B:\Lisa\A-71\ИТ, Технология программирования\C++\code C++\OpenGL\Shape1\Shape1\Debug\link-cvtres.read.1.tlog
B:\Lisa\A-71\ИТ, Технология программирования\C++\code C++\OpenGL\Shape1\Shape1\Debug\link-cvtres.write.1.tlog
B:\Lisa\A-71\ИТ, Технология программирования\C++\code C++\OpenGL\Shape1\Shape1\Debug\link-rc.read.1.tlog
B:\Lisa\A-71\ИТ, Технология программирования\C++\code C++\OpenGL\Shape1\Shape1\Debug\link-rc.write.1.tlog
B:\Lisa\A-71\ИТ, Технология программирования\C++\code C++\OpenGL\Shape1\Shape1\Debug\link.396-cvtres.read.1.tlog
B:\Lisa\A-71\ИТ, Технология программирования\C++\code C++\OpenGL\Shape1\Shape1\Debug\link.396-cvtres.write.1.tlog
B:\Lisa\A-71\ИТ, Технология программирования\C++\code C++\OpenGL\Shape1\Shape1\Debug\link.396-rc.read.1.tlog
B:\Lisa\A-71\ИТ, Технология программирования\C++\code C++\OpenGL\Shape1\Shape1\Debug\link.396-rc.write.1.tlog
B:\Lisa\A-71\ИТ, Технология программирования\C++\code C++\OpenGL\Shape1\Shape1\Debug\link.396.read.1.tlog
B:\Lisa\A-71\ИТ, Технология программирования\C++\code C++\OpenGL\Shape1\Shape1\Debug\link.396.write.1.tlog
B:\Lisa\A-71\ИТ, Технология программирования\C++\code C++\OpenGL\Shape1\Shape1\Debug\link.4124-cvtres.read.1.tlog
B:\Lisa\A-71\ИТ, Технология программирования\C++\code C++\OpenGL\Shape1\Shape1\Debug\link.4124-cvtres.write.1.tlog
B:\Lisa\A-71\ИТ, Технология программирования\C++\code C++\OpenGL\Shape1\Shape1\Debug\link.4124-rc.read.1.tlog
B:\Lisa\A-71\ИТ, Технология программирования\C++\code C++\OpenGL\Shape1\Shape1\Debug\link.4124-rc.write.1.tlog
B:\Lisa\A-71\ИТ, Технология программирования\C++\code C++\OpenGL\Shape1\Shape1\Debug\link.4124.read.1.tlog
B:\Lisa\A-71\ИТ, Технология программирования\C++\code C++\OpenGL\Shape1\Shape1\Debug\link.4124.write.1.tlog
B:\Lisa\A-71\ИТ, Технология программирования\C++\code C++\OpenGL\Shape1\Shape1\Debug\link.5940-cvtres.read.1.tlog
B:\Lisa\A-71\ИТ, Технология программирования\C++\code C++\OpenGL\Shape1\Shape1\Debug\link.5940-cvtres.write.1.tlog
B:\Lisa\A-71\ИТ, Технология программирования\C++\code C++\OpenGL\Shape1\Shape1\Debug\link.5940-rc.read.1.tlog
B:\Lisa\A-71\ИТ, Технология программирования\C++\code C++\OpenGL\Shape1\Shape1\Debug\link.5940-rc.write.1.tlog
B:\Lisa\A-71\ИТ, Технология программирования\C++\code C++\OpenGL\Shape1\Shape1\Debug\link.5940.read.1.tlog
B:\Lisa\A-71\ИТ, Технология программирования\C++\code C++\OpenGL\Shape1\Shape1\Debug\link.5940.write.1.tlog
B:\Lisa\A-71\ИТ, Технология программирования\C++\code C++\OpenGL\Shape1\Shape1\Debug\link.6292-cvtres.read.1.tlog
B:\Lisa\A-71\ИТ, Технология программирования\C++\code C++\OpenGL\Shape1\Shape1\Debug\link.6292-cvtres.write.1.tlog
B:\Lisa\A-71\ИТ, Технология программирования\C++\code C++\OpenGL\Shape1\Shape1\Debug\link.6292-rc.read.1.tlog
B:\Lisa\A-71\ИТ, Технология программирования\C++\code C++\OpenGL\Shape1\Shape1\Debug\link.6292-rc.write.1.tlog
B:\Lisa\A-71\ИТ, Технология программирования\C++\code C++\OpenGL\Shape1\Shape1\Debug\link.6292.read.1.tlog
B:\Lisa\A-71\ИТ, Технология программирования\C++\code C++\OpenGL\Shape1\Shape1\Debug\link.6292.write.1.tlog
B:\Lisa\A-71\ИТ, Технология программирования\C++\code C++\OpenGL\Shape1\Shape1\Debug\link.command.1.tlog
B:\Lisa\A-71\ИТ, Технология программирования\C++\code C++\OpenGL\Shape1\Shape1\Debug\link.read.1.tlog
B:\Lisa\A-71\ИТ, Технология программирования\C++\code C++\OpenGL\Shape1\Shape1\Debug\link.write.1.tlog
B:\Lisa\A-71\ИТ, Технология программирования\C++\code C++\OpenGL\Shape1\Shape1\Debug\Grid.pch
B:\Lisa\A-71\ИТ, Технология программирования\C++\code C++\OpenGL\Shape1\Shape1\Debug\Shape1.pch
B:\Lisa\A-71\ИТ, Технология программирования\C++\code C++\OpenGL\Shape1\Shape1\Debug\vc110.idb
B:\Lisa\A-71\ИТ, Технология программирования\C++\code C++\OpenGL\Shape1\Shape1\Debug\vc110.pdb
B:\Lisa\A-71\ИТ, Технология программирования\C++\code C++\OpenGL\prototype\Debug\Grid.pdb
B:\Lisa\A-71\ИТ, Технология программирования\C++\code C++\OpenGL\prototype\Debug\Grid.exe
B:\Lisa\A-71\ИТ, Технология программирования\C++\code C++\OpenGL\prototype\Debug\Grid.ilk
