B:\LISA\A-71\ИТ, Технология программирования\C++\CODE C++\OPENGL\SAMPLES\DEBUG\SAMPLES.PCH
B:\LISA\A-71\ИТ, Технология программирования\C++\CODE C++\OPENGL\SAMPLES\DEBUG\STDAFX.OBJ
B:\LISA\A-71\ИТ, ТЕХНОЛОГИЯ ПРОГРАММИРОВАНИЯ\C++\CODE C++\OPENGL\SAMPLES\DEBUG\VC110.PDB
B:\LISA\A-71\ИТ, Технология программирования\C++\CODE C++\OPENGL\SAMPLES\DEBUG\SAMPLE.OBJ
B:\LISA\A-71\ИТ, Технология программирования\C++\CODE C++\OPENGL\PROTOTYPE\DEBUG\SAMPLES.ILK
B:\LISA\A-71\ИТ, Технология программирования\C++\CODE C++\OPENGL\PROTOTYPE\DEBUG\SAMPLES.EXE
B:\LISA\A-71\ИТ, ТЕХНОЛОГИЯ ПРОГРАММИРОВАНИЯ\C++\CODE C++\OPENGL\PROTOTYPE\DEBUG\SAMPLES.PDB
B:\Lisa\A-71\ИТ, Технология программирования\C++\code C++\OpenGL\Samples\Debug\Sample.obj
B:\Lisa\A-71\ИТ, Технология программирования\C++\code C++\OpenGL\Samples\Debug\stdafx.obj
B:\Lisa\A-71\ИТ, Технология программирования\C++\code C++\OpenGL\Samples\Debug\cl.command.1.tlog
B:\Lisa\A-71\ИТ, Технология программирования\C++\code C++\OpenGL\Samples\Debug\CL.read.1.tlog
B:\Lisa\A-71\ИТ, Технология программирования\C++\code C++\OpenGL\Samples\Debug\CL.write.1.tlog
B:\Lisa\A-71\ИТ, Технология программирования\C++\code C++\OpenGL\Samples\Debug\link-cvtres.read.1.tlog
B:\Lisa\A-71\ИТ, Технология программирования\C++\code C++\OpenGL\Samples\Debug\link-cvtres.write.1.tlog
B:\Lisa\A-71\ИТ, Технология программирования\C++\code C++\OpenGL\Samples\Debug\link-rc.read.1.tlog
B:\Lisa\A-71\ИТ, Технология программирования\C++\code C++\OpenGL\Samples\Debug\link-rc.write.1.tlog
B:\Lisa\A-71\ИТ, Технология программирования\C++\code C++\OpenGL\Samples\Debug\link.command.1.tlog
B:\Lisa\A-71\ИТ, Технология программирования\C++\code C++\OpenGL\Samples\Debug\link.read.1.tlog
B:\Lisa\A-71\ИТ, Технология программирования\C++\code C++\OpenGL\Samples\Debug\link.write.1.tlog
B:\Lisa\A-71\ИТ, Технология программирования\C++\code C++\OpenGL\Samples\Debug\Samples.pch
B:\Lisa\A-71\ИТ, Технология программирования\C++\code C++\OpenGL\Samples\Debug\vc110.idb
B:\Lisa\A-71\ИТ, Технология программирования\C++\code C++\OpenGL\Samples\Debug\vc110.pdb
B:\Lisa\A-71\ИТ, Технология программирования\C++\code C++\OpenGL\prototype\Debug\Samples.pdb
B:\Lisa\A-71\ИТ, Технология программирования\C++\code C++\OpenGL\prototype\Debug\Samples.exe
B:\Lisa\A-71\ИТ, Технология программирования\C++\code C++\OpenGL\prototype\Debug\Samples.ilk
