B:\LISA\A-71\ИТ, Технология программирования\C++\CODE C++\OPENGL\PROTOTYPE\SPHERE\DEBUG\SPHERE.PCH
B:\LISA\A-71\ИТ, Технология программирования\C++\CODE C++\OPENGL\PROTOTYPE\SPHERE\DEBUG\STDAFX.OBJ
B:\LISA\A-71\ИТ, ТЕХНОЛОГИЯ ПРОГРАММИРОВАНИЯ\C++\CODE C++\OPENGL\PROTOTYPE\SPHERE\DEBUG\VC110.PDB
B:\LISA\A-71\ИТ, Технология программирования\C++\CODE C++\OPENGL\PROTOTYPE\SPHERE\DEBUG\LAB 1 - SPHERE.PCH
B:\LISA\A-71\ИТ, Технология программирования\C++\CODE C++\OPENGL\PROTOTYPE\SPHERE\DEBUG\SPHERE.OBJ
B:\LISA\A-71\ИТ, Технология программирования\C++\CODE C++\OPENGL\PROTOTYPE\DEBUG\LAB 1 - SPHERE.ILK
B:\LISA\A-71\ИТ, Технология программирования\C++\CODE C++\OPENGL\PROTOTYPE\DEBUG\LAB 1 - SPHERE.EXE
B:\LISA\A-71\ИТ, ТЕХНОЛОГИЯ ПРОГРАММИРОВАНИЯ\C++\CODE C++\OPENGL\PROTOTYPE\DEBUG\LAB 1 - SPHERE.PDB
B:\Lisa\A-71\ИТ, Технология программирования\C++\code C++\OpenGL\prototype\Sphere\Debug\Sphere.obj
B:\Lisa\A-71\ИТ, Технология программирования\C++\code C++\OpenGL\prototype\Sphere\Debug\stdafx.obj
B:\Lisa\A-71\ИТ, Технология программирования\C++\code C++\OpenGL\prototype\Sphere\Debug\cl.command.1.tlog
B:\Lisa\A-71\ИТ, Технология программирования\C++\code C++\OpenGL\prototype\Sphere\Debug\CL.read.1.tlog
B:\Lisa\A-71\ИТ, Технология программирования\C++\code C++\OpenGL\prototype\Sphere\Debug\CL.write.1.tlog
B:\Lisa\A-71\ИТ, Технология программирования\C++\code C++\OpenGL\prototype\Sphere\Debug\link-cvtres.read.1.tlog
B:\Lisa\A-71\ИТ, Технология программирования\C++\code C++\OpenGL\prototype\Sphere\Debug\link-cvtres.write.1.tlog
B:\Lisa\A-71\ИТ, Технология программирования\C++\code C++\OpenGL\prototype\Sphere\Debug\link-rc.read.1.tlog
B:\Lisa\A-71\ИТ, Технология программирования\C++\code C++\OpenGL\prototype\Sphere\Debug\link-rc.write.1.tlog
B:\Lisa\A-71\ИТ, Технология программирования\C++\code C++\OpenGL\prototype\Sphere\Debug\link.10676-cvtres.read.1.tlog
B:\Lisa\A-71\ИТ, Технология программирования\C++\code C++\OpenGL\prototype\Sphere\Debug\link.10676-cvtres.write.1.tlog
B:\Lisa\A-71\ИТ, Технология программирования\C++\code C++\OpenGL\prototype\Sphere\Debug\link.10676-rc.read.1.tlog
B:\Lisa\A-71\ИТ, Технология программирования\C++\code C++\OpenGL\prototype\Sphere\Debug\link.10676-rc.write.1.tlog
B:\Lisa\A-71\ИТ, Технология программирования\C++\code C++\OpenGL\prototype\Sphere\Debug\link.10676.read.1.tlog
B:\Lisa\A-71\ИТ, Технология программирования\C++\code C++\OpenGL\prototype\Sphere\Debug\link.10676.write.1.tlog
B:\Lisa\A-71\ИТ, Технология программирования\C++\code C++\OpenGL\prototype\Sphere\Debug\link.2076-cvtres.read.1.tlog
B:\Lisa\A-71\ИТ, Технология программирования\C++\code C++\OpenGL\prototype\Sphere\Debug\link.2076-cvtres.write.1.tlog
B:\Lisa\A-71\ИТ, Технология программирования\C++\code C++\OpenGL\prototype\Sphere\Debug\link.2076-rc.read.1.tlog
B:\Lisa\A-71\ИТ, Технология программирования\C++\code C++\OpenGL\prototype\Sphere\Debug\link.2076-rc.write.1.tlog
B:\Lisa\A-71\ИТ, Технология программирования\C++\code C++\OpenGL\prototype\Sphere\Debug\link.2076.read.1.tlog
B:\Lisa\A-71\ИТ, Технология программирования\C++\code C++\OpenGL\prototype\Sphere\Debug\link.2076.write.1.tlog
B:\Lisa\A-71\ИТ, Технология программирования\C++\code C++\OpenGL\prototype\Sphere\Debug\link.3480-cvtres.read.1.tlog
B:\Lisa\A-71\ИТ, Технология программирования\C++\code C++\OpenGL\prototype\Sphere\Debug\link.3480-cvtres.write.1.tlog
B:\Lisa\A-71\ИТ, Технология программирования\C++\code C++\OpenGL\prototype\Sphere\Debug\link.3480-rc.read.1.tlog
B:\Lisa\A-71\ИТ, Технология программирования\C++\code C++\OpenGL\prototype\Sphere\Debug\link.3480-rc.write.1.tlog
B:\Lisa\A-71\ИТ, Технология программирования\C++\code C++\OpenGL\prototype\Sphere\Debug\link.3480.read.1.tlog
B:\Lisa\A-71\ИТ, Технология программирования\C++\code C++\OpenGL\prototype\Sphere\Debug\link.3480.write.1.tlog
B:\Lisa\A-71\ИТ, Технология программирования\C++\code C++\OpenGL\prototype\Sphere\Debug\link.3708-cvtres.read.1.tlog
B:\Lisa\A-71\ИТ, Технология программирования\C++\code C++\OpenGL\prototype\Sphere\Debug\link.3708-cvtres.write.1.tlog
B:\Lisa\A-71\ИТ, Технология программирования\C++\code C++\OpenGL\prototype\Sphere\Debug\link.3708-rc.read.1.tlog
B:\Lisa\A-71\ИТ, Технология программирования\C++\code C++\OpenGL\prototype\Sphere\Debug\link.3708-rc.write.1.tlog
B:\Lisa\A-71\ИТ, Технология программирования\C++\code C++\OpenGL\prototype\Sphere\Debug\link.3708.read.1.tlog
B:\Lisa\A-71\ИТ, Технология программирования\C++\code C++\OpenGL\prototype\Sphere\Debug\link.3708.write.1.tlog
B:\Lisa\A-71\ИТ, Технология программирования\C++\code C++\OpenGL\prototype\Sphere\Debug\link.6148-cvtres.read.1.tlog
B:\Lisa\A-71\ИТ, Технология программирования\C++\code C++\OpenGL\prototype\Sphere\Debug\link.6148-cvtres.write.1.tlog
B:\Lisa\A-71\ИТ, Технология программирования\C++\code C++\OpenGL\prototype\Sphere\Debug\link.6148-rc.read.1.tlog
B:\Lisa\A-71\ИТ, Технология программирования\C++\code C++\OpenGL\prototype\Sphere\Debug\link.6148-rc.write.1.tlog
B:\Lisa\A-71\ИТ, Технология программирования\C++\code C++\OpenGL\prototype\Sphere\Debug\link.6148.read.1.tlog
B:\Lisa\A-71\ИТ, Технология программирования\C++\code C++\OpenGL\prototype\Sphere\Debug\link.6148.write.1.tlog
B:\Lisa\A-71\ИТ, Технология программирования\C++\code C++\OpenGL\prototype\Sphere\Debug\link.6672-cvtres.read.1.tlog
B:\Lisa\A-71\ИТ, Технология программирования\C++\code C++\OpenGL\prototype\Sphere\Debug\link.6672-cvtres.write.1.tlog
B:\Lisa\A-71\ИТ, Технология программирования\C++\code C++\OpenGL\prototype\Sphere\Debug\link.6672-rc.read.1.tlog
B:\Lisa\A-71\ИТ, Технология программирования\C++\code C++\OpenGL\prototype\Sphere\Debug\link.6672-rc.write.1.tlog
B:\Lisa\A-71\ИТ, Технология программирования\C++\code C++\OpenGL\prototype\Sphere\Debug\link.6672.read.1.tlog
B:\Lisa\A-71\ИТ, Технология программирования\C++\code C++\OpenGL\prototype\Sphere\Debug\link.6672.write.1.tlog
B:\Lisa\A-71\ИТ, Технология программирования\C++\code C++\OpenGL\prototype\Sphere\Debug\link.7284-cvtres.read.1.tlog
B:\Lisa\A-71\ИТ, Технология программирования\C++\code C++\OpenGL\prototype\Sphere\Debug\link.7284-cvtres.write.1.tlog
B:\Lisa\A-71\ИТ, Технология программирования\C++\code C++\OpenGL\prototype\Sphere\Debug\link.7284-rc.read.1.tlog
B:\Lisa\A-71\ИТ, Технология программирования\C++\code C++\OpenGL\prototype\Sphere\Debug\link.7284-rc.write.1.tlog
B:\Lisa\A-71\ИТ, Технология программирования\C++\code C++\OpenGL\prototype\Sphere\Debug\link.7284.read.1.tlog
B:\Lisa\A-71\ИТ, Технология программирования\C++\code C++\OpenGL\prototype\Sphere\Debug\link.7284.write.1.tlog
B:\Lisa\A-71\ИТ, Технология программирования\C++\code C++\OpenGL\prototype\Sphere\Debug\link.7288-cvtres.read.1.tlog
B:\Lisa\A-71\ИТ, Технология программирования\C++\code C++\OpenGL\prototype\Sphere\Debug\link.7288-cvtres.write.1.tlog
B:\Lisa\A-71\ИТ, Технология программирования\C++\code C++\OpenGL\prototype\Sphere\Debug\link.7288-rc.read.1.tlog
B:\Lisa\A-71\ИТ, Технология программирования\C++\code C++\OpenGL\prototype\Sphere\Debug\link.7288-rc.write.1.tlog
B:\Lisa\A-71\ИТ, Технология программирования\C++\code C++\OpenGL\prototype\Sphere\Debug\link.7288.read.1.tlog
B:\Lisa\A-71\ИТ, Технология программирования\C++\code C++\OpenGL\prototype\Sphere\Debug\link.7288.write.1.tlog
B:\Lisa\A-71\ИТ, Технология программирования\C++\code C++\OpenGL\prototype\Sphere\Debug\link.7888-cvtres.read.1.tlog
B:\Lisa\A-71\ИТ, Технология программирования\C++\code C++\OpenGL\prototype\Sphere\Debug\link.7888-cvtres.write.1.tlog
B:\Lisa\A-71\ИТ, Технология программирования\C++\code C++\OpenGL\prototype\Sphere\Debug\link.7888-rc.read.1.tlog
B:\Lisa\A-71\ИТ, Технология программирования\C++\code C++\OpenGL\prototype\Sphere\Debug\link.7888-rc.write.1.tlog
B:\Lisa\A-71\ИТ, Технология программирования\C++\code C++\OpenGL\prototype\Sphere\Debug\link.7888.read.1.tlog
B:\Lisa\A-71\ИТ, Технология программирования\C++\code C++\OpenGL\prototype\Sphere\Debug\link.7888.write.1.tlog
B:\Lisa\A-71\ИТ, Технология программирования\C++\code C++\OpenGL\prototype\Sphere\Debug\link.7960-cvtres.read.1.tlog
B:\Lisa\A-71\ИТ, Технология программирования\C++\code C++\OpenGL\prototype\Sphere\Debug\link.7960-cvtres.write.1.tlog
B:\Lisa\A-71\ИТ, Технология программирования\C++\code C++\OpenGL\prototype\Sphere\Debug\link.7960-rc.read.1.tlog
B:\Lisa\A-71\ИТ, Технология программирования\C++\code C++\OpenGL\prototype\Sphere\Debug\link.7960-rc.write.1.tlog
B:\Lisa\A-71\ИТ, Технология программирования\C++\code C++\OpenGL\prototype\Sphere\Debug\link.7960.read.1.tlog
B:\Lisa\A-71\ИТ, Технология программирования\C++\code C++\OpenGL\prototype\Sphere\Debug\link.7960.write.1.tlog
B:\Lisa\A-71\ИТ, Технология программирования\C++\code C++\OpenGL\prototype\Sphere\Debug\link.8140-cvtres.read.1.tlog
B:\Lisa\A-71\ИТ, Технология программирования\C++\code C++\OpenGL\prototype\Sphere\Debug\link.8140-cvtres.write.1.tlog
B:\Lisa\A-71\ИТ, Технология программирования\C++\code C++\OpenGL\prototype\Sphere\Debug\link.8140-rc.read.1.tlog
B:\Lisa\A-71\ИТ, Технология программирования\C++\code C++\OpenGL\prototype\Sphere\Debug\link.8140-rc.write.1.tlog
B:\Lisa\A-71\ИТ, Технология программирования\C++\code C++\OpenGL\prototype\Sphere\Debug\link.8140.read.1.tlog
B:\Lisa\A-71\ИТ, Технология программирования\C++\code C++\OpenGL\prototype\Sphere\Debug\link.8140.write.1.tlog
B:\Lisa\A-71\ИТ, Технология программирования\C++\code C++\OpenGL\prototype\Sphere\Debug\link.8276-cvtres.read.1.tlog
B:\Lisa\A-71\ИТ, Технология программирования\C++\code C++\OpenGL\prototype\Sphere\Debug\link.8276-cvtres.write.1.tlog
B:\Lisa\A-71\ИТ, Технология программирования\C++\code C++\OpenGL\prototype\Sphere\Debug\link.8276-rc.read.1.tlog
B:\Lisa\A-71\ИТ, Технология программирования\C++\code C++\OpenGL\prototype\Sphere\Debug\link.8276-rc.write.1.tlog
B:\Lisa\A-71\ИТ, Технология программирования\C++\code C++\OpenGL\prototype\Sphere\Debug\link.8276.read.1.tlog
B:\Lisa\A-71\ИТ, Технология программирования\C++\code C++\OpenGL\prototype\Sphere\Debug\link.8276.write.1.tlog
B:\Lisa\A-71\ИТ, Технология программирования\C++\code C++\OpenGL\prototype\Sphere\Debug\link.8808-cvtres.read.1.tlog
B:\Lisa\A-71\ИТ, Технология программирования\C++\code C++\OpenGL\prototype\Sphere\Debug\link.8808-cvtres.write.1.tlog
B:\Lisa\A-71\ИТ, Технология программирования\C++\code C++\OpenGL\prototype\Sphere\Debug\link.8808-rc.read.1.tlog
B:\Lisa\A-71\ИТ, Технология программирования\C++\code C++\OpenGL\prototype\Sphere\Debug\link.8808-rc.write.1.tlog
B:\Lisa\A-71\ИТ, Технология программирования\C++\code C++\OpenGL\prototype\Sphere\Debug\link.8808.read.1.tlog
B:\Lisa\A-71\ИТ, Технология программирования\C++\code C++\OpenGL\prototype\Sphere\Debug\link.8808.write.1.tlog
B:\Lisa\A-71\ИТ, Технология программирования\C++\code C++\OpenGL\prototype\Sphere\Debug\link.command.1.tlog
B:\Lisa\A-71\ИТ, Технология программирования\C++\code C++\OpenGL\prototype\Sphere\Debug\link.read.1.tlog
B:\Lisa\A-71\ИТ, Технология программирования\C++\code C++\OpenGL\prototype\Sphere\Debug\link.write.1.tlog
B:\Lisa\A-71\ИТ, Технология программирования\C++\code C++\OpenGL\prototype\Sphere\Debug\Lab 1 - Sphere.pch
B:\Lisa\A-71\ИТ, Технология программирования\C++\code C++\OpenGL\prototype\Sphere\Debug\Sphere.pch
B:\Lisa\A-71\ИТ, Технология программирования\C++\code C++\OpenGL\prototype\Sphere\Debug\vc110.idb
B:\Lisa\A-71\ИТ, Технология программирования\C++\code C++\OpenGL\prototype\Sphere\Debug\vc110.pdb
